<?xml version="1.0" encoding="UTF-8"?>
<!-- Generated by org.testng.reporters.JUnitXMLReporter -->
<testsuite hostname="IBM651-PC0BY5PB" ignored="0" name="WebTest - Test Login Page in Chrome" tests="2" failures="1" timestamp="17 Oct 2018 14:35:46 GMT" time="36.089" errors="0">
  <testcase name="testNextisEnabled" time="26.818" classname="com.test.testscripts.TestNG_LoginPageTest">
    <failure type="java.lang.AssertionError" message="buttonelement Next Button, by={By.id: nextBtn} not found. expected [true] but found [false]">
      <![CDATA[java.lang.AssertionError: buttonelement Next Button, by={By.id: nextBtn} not found. expected [true] but found [false]
at org.testng.Assert.fail(Assert.java:96)
at org.testng.Assert.failNotEquals(Assert.java:776)
at org.testng.Assert.assertTrue(Assert.java:44)
at com.simplewebframework.webelements.webBasePage.assertHTML(webBasePage.java:155)
at com.simplewebframework.webelements.webBasePage.assertElementEnabled(webBasePage.java:123)
at com.test.testscripts.TestNG_LoginPageTest.testNextisEnabled(TestNG_LoginPageTest.java:31)
at sun.reflect.NativeMethodAccessorImpl.invoke0(Native Method)
at sun.reflect.NativeMethodAccessorImpl.invoke(Unknown Source)
at sun.reflect.DelegatingMethodAccessorImpl.invoke(Unknown Source)
at java.lang.reflect.Method.invoke(Unknown Source)
at org.testng.internal.MethodInvocationHelper.invokeMethod(MethodInvocationHelper.java:124)
at org.testng.internal.Invoker.invokeMethod(Invoker.java:583)
at org.testng.internal.Invoker.invokeTestMethod(Invoker.java:719)
at org.testng.internal.Invoker.invokeTestMethods(Invoker.java:989)
at org.testng.internal.TestMethodWorker.invokeTestMethods(TestMethodWorker.java:125)
at org.testng.internal.TestMethodWorker.run(TestMethodWorker.java:109)
at java.util.concurrent.ThreadPoolExecutor.runWorker(Unknown Source)
at java.util.concurrent.ThreadPoolExecutor$Worker.run(Unknown Source)
at java.lang.Thread.run(Unknown Source)
]]>
    </failure>
  </testcase> <!-- testNextisEnabled -->
  <testcase name="testIDVPageisDisplayed" time="35.109" classname="com.test.testscripts.TestNG_LoginPageTest"/>
</testsuite> <!-- WebTest - Test Login Page in Chrome -->
