08:46:01.270 INFO  core.BaseTestPlan -Thread[main,5,main] Start method testIDVPageisDisplayed
08:47:02.144 INFO  core.BaseTestPlan -Thread[main,5,main] Start method testIDVPageisDisplayed
08:47:02.195 INFO  helpers.JavaScriptHelper -JavaScriptHelper has been initialised
08:47:55.184 INFO  core.BaseTestPlan -Thread[main,5,main] Finish method testIDVPageisDisplayed
08:48:16.020 INFO  core.BaseTestPlan -Test Suite Execution Time: 1 minutes.
08:50:45.039 INFO  core.BaseTestPlan -Thread[main,5,main] Start method testIDVPageisDisplayed
08:50:45.109 INFO  helpers.JavaScriptHelper -JavaScriptHelper has been initialised
08:51:03.154 INFO  core.BaseTestPlan -Thread[main,5,main] Finish method testIDVPageisDisplayed
08:51:03.687 INFO  core.BaseTestPlan -Test Suite Execution Time: 0 minutes.
08:53:30.710 INFO  core.BaseTestPlan -Thread[main,5,main] Start method testIDVPageisDisplayed
08:53:30.776 INFO  helpers.JavaScriptHelper -JavaScriptHelper has been initialised
08:56:59.345 INFO  core.BaseTestPlan -Thread[main,5,main] Start method testIDVPageisDisplayed
08:57:13.194 INFO  helpers.JavaScriptHelper -JavaScriptHelper has been initialised
08:59:41.867 INFO  core.BaseTestPlan -Thread[main,5,main] Start method testIDVPageisDisplayed
08:59:41.922 INFO  helpers.JavaScriptHelper -JavaScriptHelper has been initialised
09:00:00.488 INFO  core.BaseTestPlan -Thread[main,5,main] Finish method testIDVPageisDisplayed
09:00:01.506 INFO  core.BaseTestPlan -Test Suite Execution Time: 0 minutes.
09:02:28.382 INFO  core.BaseTestPlan -Thread[main,5,main] Start method testIDVPageisDisplayed
09:03:56.668 INFO  core.BaseTestPlan -Thread[main,5,main] Start method testIDVPageisDisplayed
09:06:29.290 INFO  helpers.JavaScriptHelper -JavaScriptHelper has been initialised
09:10:14.992 INFO  core.BaseTestPlan -Thread[main,5,main] Finish method testIDVPageisDisplayed
09:10:16.844 INFO  core.BaseTestPlan -Test Suite Execution Time: 6 minutes.
09:26:11.303 INFO  core.BaseTestPlan -Thread[main,5,main] Start method testIDVPageisDisplayed
11:13:25.649 INFO  core.BaseTestPlan -Thread[main,5,main] Start method testIDVPageisDisplayed
11:13:50.774 INFO  core.BaseTestPlan -Thread[main,5,main] Finish method testIDVPageisDisplayed
11:13:51.329 INFO  core.BaseTestPlan -Test Suite Execution Time: 0 minutes.
11:16:13.505 INFO  core.BaseTestPlan -Thread[main,5,main] Start method testIDVPageisDisplayed
11:16:36.864 INFO  core.BaseTestPlan -Thread[main,5,main] Finish method testIDVPageisDisplayed
11:16:37.334 INFO  core.BaseTestPlan -Test Suite Execution Time: 0 minutes.
11:21:27.378 INFO  core.BaseTestPlan -Thread[main,5,main] Start method testIDVPageisDisplayed
11:21:51.112 INFO  core.BaseTestPlan -Thread[main,5,main] Finish method testIDVPageisDisplayed
11:21:51.116 INFO  core.BaseTestPlan -Thread[main,5,main] Start method testNextisDisabled
11:22:05.713 INFO  webelements.webBasePage -Thread[main,5,main] assert buttonelement <a style="font-style:normal;color:#8C8984;text-decoration:none;" href=# ">Next Button,: By.id: nextBtn</a> is enabled.
11:22:06.611 INFO  core.BaseTestPlan -Thread[main,5,main] Finish method testNextisDisabled
11:22:06.614 INFO  core.BaseTestPlan -Thread[main,5,main] Start method testNextisDisplayed
11:22:21.364 INFO  core.BaseTestPlan -Thread[main,5,main] Finish method testNextisDisplayed
11:22:21.807 INFO  core.BaseTestPlan -Test Suite Execution Time: 0 minutes.
12:19:43.601 INFO  core.BaseTestPlan -Thread[main,5,main] Finish method testNextisDisplayed
12:20:55.503 INFO  core.BaseTestPlan -Thread[main,5,main] Finish method testNextisDisplayed
12:22:00.828 INFO  core.BaseTestPlan -Thread[main,5,main] Start method testNextisDisplayed
12:22:24.648 INFO  core.BaseTestPlan -Thread[main,5,main] Finish method testNextisDisplayed
12:22:25.210 INFO  core.BaseTestPlan -Test Suite Execution Time: 0 minutes.
12:24:55.479 INFO  core.BaseTestPlan -Thread[main,5,main] Start method testNextisDisplayed
12:25:15.994 INFO  core.BaseTestPlan -Thread[main,5,main] Finish method testNextisDisplayed
12:25:16.601 INFO  core.BaseTestPlan -Test Suite Execution Time: 0 minutes.
12:28:53.002 INFO  core.BaseTestPlan -Thread[main,5,main] Start method testNextisDisplayed
12:29:29.389 INFO  core.BaseTestPlan -Thread[main,5,main] Finish method testNextisDisplayed
12:29:29.993 INFO  core.BaseTestPlan -Test Suite Execution Time: 0 minutes.
12:48:11.319 INFO  core.BaseTestPlan -Thread[main,5,main] Start method testIDVPageisDisplayed
12:48:39.693 INFO  core.BaseTestPlan -Thread[main,5,main] Finish method testIDVPageisDisplayed
12:48:39.695 INFO  core.BaseTestPlan -Thread[main,5,main] Start method testNextisDisplayed
12:48:56.882 INFO  core.BaseTestPlan -Thread[main,5,main] Finish method testNextisDisplayed
12:48:56.900 INFO  core.BaseTestPlan -Thread[main,5,main] Start method testNextisEnabled
12:49:13.271 INFO  webelements.webBasePage -Thread[main,5,main] assert buttonelement <a style="font-style:normal;color:#8C8984;text-decoration:none;" href=# ">Next Button,: By.id: nextBtn</a> is enabled.
12:49:14.561 INFO  core.BaseTestPlan -Thread[main,5,main] Finish method testNextisEnabled
12:49:15.157 INFO  core.BaseTestPlan -Test Suite Execution Time: 1 minutes.
12:53:06.571 INFO  core.BaseTestPlan -Thread[TestNG-tests-1,5,main] Start method testIDVPageisDisplayed
12:53:29.377 INFO  core.BaseTestPlan -Thread[TestNG-tests-1,5,main] Finish method testIDVPageisDisplayed
12:53:29.380 INFO  core.BaseTestPlan -Thread[TestNG-tests-1,5,main] Start method testNextisDisplayed
12:53:44.101 INFO  core.BaseTestPlan -Thread[TestNG-tests-1,5,main] Finish method testNextisDisplayed
12:53:44.111 INFO  core.BaseTestPlan -Thread[TestNG-tests-1,5,main] Start method testNextisEnabled
12:53:58.041 INFO  webelements.webBasePage -Thread[TestNG-tests-1,5,main] assert buttonelement <a style="font-style:normal;color:#8C8984;text-decoration:none;" href=# ">Next Button,: By.id: nextBtn</a> is enabled.
12:53:58.973 INFO  core.BaseTestPlan -Thread[TestNG-tests-1,5,main] Finish method testNextisEnabled
12:53:59.412 INFO  core.BaseTestPlan -Test Suite Execution Time: 0 minutes.
12:56:32.238 INFO  core.BaseTestPlan -Thread[TestNG-tests-1,5,main] Start method testIDVPageisDisplayed
12:56:55.076 INFO  core.BaseTestPlan -Thread[TestNG-tests-1,5,main] Finish method testIDVPageisDisplayed
12:56:55.078 INFO  core.BaseTestPlan -Thread[TestNG-tests-1,5,main] Start method testNextisDisplayed
12:57:10.173 INFO  core.BaseTestPlan -Thread[TestNG-tests-1,5,main] Finish method testNextisDisplayed
12:57:10.174 INFO  core.BaseTestPlan -Thread[TestNG-tests-1,5,main] Start method testNextisEnabled
12:57:25.428 INFO  webelements.webBasePage -Thread[TestNG-tests-1,5,main] assert buttonelement <a style="font-style:normal;color:#8C8984;text-decoration:none;" href=# ">Next Button,: By.id: nextBtn</a> is enabled.
12:57:26.500 INFO  core.BaseTestPlan -Thread[TestNG-tests-1,5,main] Finish method testNextisEnabled
12:57:27.102 INFO  core.BaseTestPlan -Test Suite Execution Time: 0 minutes.
12:58:11.378 INFO  core.BaseTestPlan -Thread[TestNG-test=WebTest - Test Login Page in Chrome-2,5,main] Start method testNextisDisplayed
12:58:11.378 INFO  core.BaseTestPlan -Thread[TestNG-test=WebTest - Test Login Page in Chrome-1,5,main] Start method testIDVPageisDisplayed
12:58:11.378 INFO  core.BaseTestPlan -Thread[TestNG-test=WebTest - Test Login Page in Chrome-3,5,main] Start method testNextisEnabled
12:58:47.971 INFO  webelements.webBasePage -Thread[TestNG-test=WebTest - Test Login Page in Chrome-3,5,main] assert buttonelement <a style="font-style:normal;color:#8C8984;text-decoration:none;" href=# ">Next Button,: By.id: nextBtn</a> is enabled.
12:58:49.936 INFO  core.BaseTestPlan -Thread[TestNG-test=WebTest - Test Login Page in Chrome-3,5,main] Finish method testNextisEnabled
12:58:50.024 INFO  core.BaseTestPlan -Thread[TestNG-test=WebTest - Test Login Page in Chrome-2,5,main] Finish method testNextisDisplayed
12:58:56.272 INFO  core.BaseTestPlan -Thread[TestNG-test=WebTest - Test Login Page in Chrome-1,5,main] Finish method testIDVPageisDisplayed
12:58:56.802 INFO  core.BaseTestPlan -Test Suite Execution Time: 0 minutes.
13:06:26.573 INFO  helpers.ExtentListener -Selenium Web Framework Simple Test Parallel Suite Started..
13:06:26.597 INFO  helpers.ExtentListener - Before Invocation..com.test.testscripts.TestNG_LoginPageTest => beforeTestSuite
13:06:26.786 INFO  helpers.ExtentListener - After Invocation..com.test.testscripts.TestNG_LoginPageTest => beforeTestSuite
13:06:26.788 INFO  helpers.ExtentListener - Before Invocation..com.test.testscripts.TestNG_LoginPageTest => setUpSelenium
13:06:26.789 INFO  helpers.ExtentListener - After Invocation..com.test.testscripts.TestNG_LoginPageTest => setUpSelenium
13:06:26.792 INFO  helpers.ExtentListener -WebTest - Test Login Page in Chrome Class Started..
13:06:26.794 INFO  helpers.ExtentListener - Before Invocation..com.test.testscripts.TestNG_LoginPageTest => beforeTest
13:06:26.806 INFO  helpers.ExtentListener - After Invocation..com.test.testscripts.TestNG_LoginPageTest => beforeTest
13:06:26.825 INFO  helpers.ExtentListener - Before Invocation..com.test.testscripts.TestNG_LoginPageTest => beforeTestMethod
13:06:26.825 INFO  helpers.ExtentListener - Before Invocation..com.test.testscripts.TestNG_LoginPageTest => beforeTestMethod
13:06:26.825 INFO  helpers.ExtentListener - Before Invocation..com.test.testscripts.TestNG_LoginPageTest => beforeTestMethod
13:06:26.842 INFO  core.BaseTestPlan -Thread[TestNG-test=WebTest - Test Login Page in Chrome-2,5,main] Start method testNextisDisplayed
13:06:26.842 INFO  helpers.ExtentListener - After Invocation..com.test.testscripts.TestNG_LoginPageTest => beforeTestMethod
13:06:26.843 INFO  core.BaseTestPlan -Thread[TestNG-test=WebTest - Test Login Page in Chrome-3,5,main] Start method testNextisEnabled
13:06:26.843 INFO  helpers.ExtentListener - After Invocation..com.test.testscripts.TestNG_LoginPageTest => beforeTestMethod
13:06:26.844 INFO  core.BaseTestPlan -Thread[TestNG-test=WebTest - Test Login Page in Chrome-1,5,main] Start method testIDVPageisDisplayed
13:06:26.845 INFO  helpers.ExtentListener - After Invocation..com.test.testscripts.TestNG_LoginPageTest => beforeTestMethod
13:06:26.850 INFO  helpers.ExtentListener -testIDVPageisDisplayed Test Started..
13:06:26.850 INFO  helpers.ExtentListener - Before Invocation..com.test.testscripts.TestNG_LoginPageTest => testIDVPageisDisplayed
13:06:26.856 INFO  helpers.ExtentListener -testNextisDisplayed Test Started..
13:06:26.856 INFO  helpers.ExtentListener - Before Invocation..com.test.testscripts.TestNG_LoginPageTest => testNextisDisplayed
13:06:26.860 INFO  helpers.ExtentListener -testNextisEnabled Test Started..
13:06:26.860 INFO  helpers.ExtentListener - Before Invocation..com.test.testscripts.TestNG_LoginPageTest => testNextisEnabled
13:07:03.584 INFO  webelements.webBasePage -Thread[TestNG-test=WebTest - Test Login Page in Chrome-3,5,main] assert buttonelement <a style="font-style:normal;color:#8C8984;text-decoration:none;" href=# ">Next Button,: By.id: nextBtn</a> is enabled.
13:07:03.899 INFO  helpers.ExtentListener - After Invocation..com.test.testscripts.TestNG_LoginPageTest => testNextisDisplayed
13:07:03.901 INFO  helpers.ExtentListener -testNextisDisplayed Test Passed..
13:07:03.902 INFO  helpers.ExtentListener - Before Invocation..com.test.testscripts.TestNG_LoginPageTest => afterTestMethod
13:07:03.927 INFO  helpers.ExtentListener - After Invocation..com.test.testscripts.TestNG_LoginPageTest => testNextisEnabled
13:07:03.931 ERROR helpers.ExtentListener -testNextisEnabled Test Failed..java.lang.AssertionError: buttonelement Next Button, by={By.id: nextBtn} not found. expected [true] but found [false]
13:07:03.932 INFO  helpers.ExtentListener - Before Invocation..com.test.testscripts.TestNG_LoginPageTest => afterTestMethod
13:07:05.022 INFO  core.BaseTestPlan -Thread[TestNG-test=WebTest - Test Login Page in Chrome-2,5,main] Finish method testNextisDisplayed
13:07:05.022 INFO  helpers.ExtentListener - After Invocation..com.test.testscripts.TestNG_LoginPageTest => afterTestMethod
13:07:05.040 INFO  core.BaseTestPlan -Thread[TestNG-test=WebTest - Test Login Page in Chrome-3,5,main] Finish method testNextisEnabled
13:07:05.041 INFO  helpers.ExtentListener - After Invocation..com.test.testscripts.TestNG_LoginPageTest => afterTestMethod
13:09:12.637 INFO  helpers.ExtentListener -Selenium Web Framework Simple Test Parallel Suite Started..
13:09:12.671 INFO  helpers.ExtentListener - Before Invocation..com.test.testscripts.TestNG_LoginPageTest => beforeTestSuite
13:09:12.903 INFO  helpers.ExtentListener - After Invocation..com.test.testscripts.TestNG_LoginPageTest => beforeTestSuite
13:09:12.905 INFO  helpers.ExtentListener - Before Invocation..com.test.testscripts.TestNG_LoginPageTest => setUpSelenium
13:09:12.906 INFO  helpers.ExtentListener - After Invocation..com.test.testscripts.TestNG_LoginPageTest => setUpSelenium
13:09:12.910 INFO  helpers.ExtentListener -WebTest - Test Login Page in Chrome Class Started..
13:09:12.913 INFO  helpers.ExtentListener - Before Invocation..com.test.testscripts.TestNG_LoginPageTest => beforeTest
13:09:12.926 INFO  helpers.ExtentListener - After Invocation..com.test.testscripts.TestNG_LoginPageTest => beforeTest
13:09:12.952 INFO  helpers.ExtentListener - Before Invocation..com.test.testscripts.TestNG_LoginPageTest => beforeTestMethod
13:09:12.956 INFO  helpers.ExtentListener - Before Invocation..com.test.testscripts.TestNG_LoginPageTest => beforeTestMethod
13:09:12.984 INFO  core.BaseTestPlan -Thread[TestNG-test=WebTest - Test Login Page in Chrome-1,5,main] Start method testIDVPageisDisplayed
13:09:12.984 INFO  helpers.ExtentListener - After Invocation..com.test.testscripts.TestNG_LoginPageTest => beforeTestMethod
13:09:12.995 INFO  helpers.ExtentListener -testIDVPageisDisplayed Test Started..
13:09:12.995 INFO  helpers.ExtentListener - Before Invocation..com.test.testscripts.TestNG_LoginPageTest => testIDVPageisDisplayed
13:09:13.015 INFO  core.BaseTestPlan -Thread[TestNG-test=WebTest - Test Login Page in Chrome-2,5,main] Start method testNextisDisplayed
13:09:13.015 INFO  helpers.ExtentListener - After Invocation..com.test.testscripts.TestNG_LoginPageTest => beforeTestMethod
13:09:13.017 INFO  helpers.ExtentListener -testNextisDisplayed Test Started..
13:09:13.018 INFO  helpers.ExtentListener - Before Invocation..com.test.testscripts.TestNG_LoginPageTest => testNextisDisplayed
13:09:13.069 INFO  helpers.ExtentListener - Before Invocation..com.test.testscripts.TestNG_LoginPageTest => beforeTestMethod
13:09:13.069 INFO  core.BaseTestPlan -Thread[TestNG-test=WebTest - Test Login Page in Chrome-3,5,main] Start method testNextisEnabled
13:09:13.069 INFO  helpers.ExtentListener - After Invocation..com.test.testscripts.TestNG_LoginPageTest => beforeTestMethod
13:09:13.071 INFO  helpers.ExtentListener -testNextisEnabled Test Started..
13:09:13.072 INFO  helpers.ExtentListener - Before Invocation..com.test.testscripts.TestNG_LoginPageTest => testNextisEnabled
13:09:49.180 INFO  webelements.webBasePage -Thread[TestNG-test=WebTest - Test Login Page in Chrome-3,5,main] assert buttonelement <a style="font-style:normal;color:#8C8984;text-decoration:none;" href=# ">Next Button,: By.id: nextBtn</a> is enabled.
13:09:49.263 INFO  helpers.ExtentListener - After Invocation..com.test.testscripts.TestNG_LoginPageTest => testNextisEnabled
13:09:49.266 ERROR helpers.ExtentListener -testNextisEnabled Test Failed..java.lang.AssertionError: buttonelement Next Button, by={By.id: nextBtn} not found. expected [true] but found [false]
13:09:49.267 INFO  helpers.ExtentListener - Before Invocation..com.test.testscripts.TestNG_LoginPageTest => afterTestMethod
13:09:50.557 INFO  helpers.ExtentListener - After Invocation..com.test.testscripts.TestNG_LoginPageTest => testNextisDisplayed
13:09:50.560 INFO  helpers.ExtentListener -testNextisDisplayed Test Passed..
13:09:50.560 INFO  helpers.ExtentListener - Before Invocation..com.test.testscripts.TestNG_LoginPageTest => afterTestMethod
13:09:50.586 INFO  core.BaseTestPlan -Thread[TestNG-test=WebTest - Test Login Page in Chrome-3,5,main] Finish method testNextisEnabled
13:09:50.586 INFO  helpers.ExtentListener - After Invocation..com.test.testscripts.TestNG_LoginPageTest => afterTestMethod
13:09:51.670 INFO  core.BaseTestPlan -Thread[TestNG-test=WebTest - Test Login Page in Chrome-2,5,main] Finish method testNextisDisplayed
13:09:51.673 INFO  helpers.ExtentListener - After Invocation..com.test.testscripts.TestNG_LoginPageTest => afterTestMethod
13:09:58.338 INFO  helpers.ExtentListener - After Invocation..com.test.testscripts.TestNG_LoginPageTest => testIDVPageisDisplayed
13:09:58.339 INFO  helpers.ExtentListener -testIDVPageisDisplayed Test Passed..
13:09:58.340 INFO  helpers.ExtentListener - Before Invocation..com.test.testscripts.TestNG_LoginPageTest => afterTestMethod
13:09:59.373 INFO  core.BaseTestPlan -Thread[TestNG-test=WebTest - Test Login Page in Chrome-1,5,main] Finish method testIDVPageisDisplayed
13:09:59.373 INFO  helpers.ExtentListener - After Invocation..com.test.testscripts.TestNG_LoginPageTest => afterTestMethod
13:09:59.489 INFO  helpers.ExtentListener -WebTest - Test Login Page in Chrome Test Finished..
13:09:59.491 INFO  helpers.ExtentListener - Before Invocation..com.test.testscripts.TestNG_LoginPageTest => afterTestSuite
13:09:59.978 INFO  core.BaseTestPlan -Test Suite Execution Time: 0 minutes.
13:09:59.979 INFO  helpers.ExtentListener - After Invocation..com.test.testscripts.TestNG_LoginPageTest => afterTestSuite
13:09:59.979 INFO  helpers.ExtentListener -Selenium Web Framework Simple Test Parallel Suite Finished..
13:13:24.794 INFO  core.BaseTestPlan -Thread[TestNG-test=WebTest - Test Login Page in Chrome-1,5,main] Start method testIDVPageisDisplayed
13:13:24.794 INFO  core.BaseTestPlan -Thread[TestNG-test=WebTest - Test Login Page in Chrome-3,5,main] Start method testNextisEnabled
13:13:24.794 INFO  core.BaseTestPlan -Thread[TestNG-test=WebTest - Test Login Page in Chrome-2,5,main] Start method testNextisDisplayed
13:14:04.528 INFO  core.BaseTestPlan -Thread[TestNG-test=WebTest - Test Login Page in Chrome-2,5,main] Finish method testNextisDisplayed
13:14:11.529 INFO  core.BaseTestPlan -Thread[TestNG-test=WebTest - Test Login Page in Chrome-1,5,main] Finish method testIDVPageisDisplayed
13:24:56.583 INFO  helpers.ExtentListener -Selenium Web Framework Simple Test Parallel Suite Started..
13:24:56.618 INFO  helpers.ExtentListener - Before Invocation..com.test.testscripts.TestNG_LoginPageTest => beforeTestSuite
13:24:56.851 INFO  helpers.ExtentListener - After Invocation..com.test.testscripts.TestNG_LoginPageTest => beforeTestSuite
13:24:56.852 INFO  helpers.ExtentListener - Before Invocation..com.test.testscripts.TestNG_LoginPageTest => setUpSelenium
13:24:56.853 INFO  helpers.ExtentListener - After Invocation..com.test.testscripts.TestNG_LoginPageTest => setUpSelenium
13:24:56.862 INFO  helpers.ExtentListener -WebTest - Test Login Page in Chrome Class Started..
13:24:56.865 INFO  helpers.ExtentListener - Before Invocation..com.test.testscripts.TestNG_LoginPageTest => beforeTest
13:24:56.886 INFO  helpers.ExtentListener - After Invocation..com.test.testscripts.TestNG_LoginPageTest => beforeTest
13:24:56.920 INFO  helpers.ExtentListener - Before Invocation..com.test.testscripts.TestNG_LoginPageTest => beforeTestMethod
13:24:56.921 INFO  helpers.ExtentListener - Before Invocation..com.test.testscripts.TestNG_LoginPageTest => beforeTestMethod
13:24:56.936 INFO  core.BaseTestPlan -Thread[TestNG-test=WebTest - Test Login Page in Chrome-2,5,main] Start method testNextisDisplayed
13:24:56.936 INFO  helpers.ExtentListener - After Invocation..com.test.testscripts.TestNG_LoginPageTest => beforeTestMethod
13:24:56.944 INFO  helpers.ExtentListener -testNextisDisplayed Test Started..
13:24:56.944 INFO  helpers.ExtentListener - Before Invocation..com.test.testscripts.TestNG_LoginPageTest => testNextisDisplayed
13:24:56.954 INFO  helpers.ExtentListener - Before Invocation..com.test.testscripts.TestNG_LoginPageTest => beforeTestMethod
13:24:56.956 INFO  core.BaseTestPlan -Thread[TestNG-test=WebTest - Test Login Page in Chrome-3,5,main] Start method testNextisEnabled
13:24:56.956 INFO  helpers.ExtentListener - After Invocation..com.test.testscripts.TestNG_LoginPageTest => beforeTestMethod
13:24:56.964 INFO  helpers.ExtentListener -testNextisEnabled Test Started..
13:24:56.965 INFO  helpers.ExtentListener - Before Invocation..com.test.testscripts.TestNG_LoginPageTest => testNextisEnabled
13:24:56.971 INFO  core.BaseTestPlan -Thread[TestNG-test=WebTest - Test Login Page in Chrome-1,5,main] Start method testIDVPageisDisplayed
13:24:56.971 INFO  helpers.ExtentListener - After Invocation..com.test.testscripts.TestNG_LoginPageTest => beforeTestMethod
13:24:56.974 INFO  helpers.ExtentListener -testIDVPageisDisplayed Test Started..
13:24:56.974 INFO  helpers.ExtentListener - Before Invocation..com.test.testscripts.TestNG_LoginPageTest => testIDVPageisDisplayed
13:25:34.784 INFO  helpers.ExtentListener - After Invocation..com.test.testscripts.TestNG_LoginPageTest => testNextisDisplayed
13:25:34.786 INFO  helpers.ExtentListener -testNextisDisplayed Test Passed..
13:25:34.787 INFO  helpers.ExtentListener - Before Invocation..com.test.testscripts.TestNG_LoginPageTest => afterTestMethod
13:25:36.079 INFO  core.BaseTestPlan -Thread[TestNG-test=WebTest - Test Login Page in Chrome-2,5,main] Finish method testNextisDisplayed
13:25:36.079 INFO  helpers.ExtentListener - After Invocation..com.test.testscripts.TestNG_LoginPageTest => afterTestMethod
13:25:42.842 INFO  helpers.ExtentListener - After Invocation..com.test.testscripts.TestNG_LoginPageTest => testIDVPageisDisplayed
13:25:42.844 INFO  helpers.ExtentListener -testIDVPageisDisplayed Test Passed..
13:25:42.845 INFO  helpers.ExtentListener - Before Invocation..com.test.testscripts.TestNG_LoginPageTest => afterTestMethod
13:25:43.872 INFO  core.BaseTestPlan -Thread[TestNG-test=WebTest - Test Login Page in Chrome-1,5,main] Finish method testIDVPageisDisplayed
13:25:43.872 INFO  helpers.ExtentListener - After Invocation..com.test.testscripts.TestNG_LoginPageTest => afterTestMethod
13:27:02.982 INFO  helpers.ExtentListener - After Invocation..com.test.testscripts.TestNG_LoginPageTest => testIDVPageisDisplayed
13:27:02.984 ERROR helpers.ExtentListener -testIDVPageisDisplayed Test Failed..org.openqa.selenium.WebDriverException: chrome not reachable
  (Session info: chrome=69.0.3497.100)
  (Driver info: chromedriver=2.41.578737 (49da6702b16031c40d63e5618de03a32ff6c197e),platform=Windows NT 6.1.7601 SP1 x86_64) (WARNING: The server did not provide any stacktrace information)
Command duration or timeout: 0 milliseconds
Build info: version: '3.8.1', revision: '6e95a6684b', time: '2017-12-01T18:33:54.468Z'
System info: host: 'IBM651-PC0BY5PB', ip: '97.11.38.151', os.name: 'Windows 7', os.arch: 'amd64', os.version: '6.1', java.version: '1.8.0_152'
Driver info: org.openqa.selenium.chrome.ChromeDriver
Capabilities {acceptInsecureCerts: false, acceptSslCerts: false, applicationCacheEnabled: false, browserConnectionEnabled: false, browserName: chrome, chrome: {chromedriverVersion: 2.41.578737 (49da6702b16031..., userDataDir: C:\Users\IBM_AD~1\AppData\L...}, cssSelectorsEnabled: true, databaseEnabled: false, goog:chromeOptions: {debuggerAddress: localhost:51872}, handlesAlerts: true, hasTouchScreen: false, javascriptEnabled: true, locationContextEnabled: true, mobileEmulationEnabled: false, nativeEvents: true, networkConnectionEnabled: false, pageLoadStrategy: normal, platform: XP, platformName: XP, rotatable: false, setWindowRect: true, takesHeapSnapshot: true, takesScreenshot: true, unexpectedAlertBehaviour: , unhandledPromptBehavior: , version: 69.0.3497.100, webStorageEnabled: true}
Session ID: 1523d485579eccdd16fa54bb93a8f4d6
*** Element info: {Using=id, value=userid}
13:27:02.985 INFO  helpers.ExtentListener - Before Invocation..com.test.testscripts.TestNG_LoginPageTest => afterTestMethod
13:27:04.054 INFO  core.BaseTestPlan -Thread[TestNG-test=WebTest - Test Login Page in Chrome-1,5,main] Finish method testIDVPageisDisplayed
13:27:04.054 INFO  helpers.ExtentListener - After Invocation..com.test.testscripts.TestNG_LoginPageTest => afterTestMethod
13:27:04.097 INFO  helpers.ExtentListener -WebTest - Test Login Page in Chrome Test Finished..
13:27:04.098 INFO  helpers.ExtentListener - Before Invocation..com.test.testscripts.TestNG_LoginPageTest => afterTestSuite
13:27:05.098 INFO  core.BaseTestPlan -Test Suite Execution Time: 20 minutes.
13:27:05.098 INFO  helpers.ExtentListener - After Invocation..com.test.testscripts.TestNG_LoginPageTest => afterTestSuite
13:27:05.099 INFO  helpers.ExtentListener -Selenium Web Framework Simple Test Parallel Suite Finished..
13:27:06.558 INFO  core.BaseTestPlan -Thread[TestNG-test=WebTest - Test Login Page in Chrome-3,5,main] Finish method testNextisEnabled
13:27:07.256 INFO  core.BaseTestPlan -Test Suite Execution Time: 13 minutes.
13:28:55.664 INFO  helpers.ExtentListener -Selenium Web Framework Simple Test Parallel Suite Started..
13:28:55.705 INFO  helpers.ExtentListener - Before Invocation..com.test.testscripts.TestNG_LoginPageTest => beforeTestSuite
13:28:55.912 INFO  helpers.ExtentListener - After Invocation..com.test.testscripts.TestNG_LoginPageTest => beforeTestSuite
13:28:55.914 INFO  helpers.ExtentListener - Before Invocation..com.test.testscripts.TestNG_LoginPageTest => setUpSelenium
13:28:55.915 INFO  helpers.ExtentListener - After Invocation..com.test.testscripts.TestNG_LoginPageTest => setUpSelenium
13:28:55.924 INFO  helpers.ExtentListener -WebTest - Test Login Page in Chrome Class Started..
13:28:55.927 INFO  helpers.ExtentListener - Before Invocation..com.test.testscripts.TestNG_LoginPageTest => beforeTest
13:28:55.940 INFO  helpers.ExtentListener - After Invocation..com.test.testscripts.TestNG_LoginPageTest => beforeTest
13:28:55.967 INFO  helpers.ExtentListener - Before Invocation..com.test.testscripts.TestNG_LoginPageTest => beforeTestMethod
13:28:55.980 INFO  core.BaseTestPlan -Thread[TestNG-test=WebTest - Test Login Page in Chrome-1,5,main] Start method testIDVPageisDisplayed
13:28:55.981 INFO  helpers.ExtentListener - After Invocation..com.test.testscripts.TestNG_LoginPageTest => beforeTestMethod
13:28:55.987 INFO  helpers.ExtentListener -testIDVPageisDisplayed Test Started..
13:28:55.988 INFO  helpers.ExtentListener - Before Invocation..com.test.testscripts.TestNG_LoginPageTest => testIDVPageisDisplayed
13:29:21.727 INFO  helpers.ExtentListener - After Invocation..com.test.testscripts.TestNG_LoginPageTest => testIDVPageisDisplayed
13:29:21.729 INFO  helpers.ExtentListener -testIDVPageisDisplayed Test Passed..
13:29:21.730 INFO  helpers.ExtentListener - Before Invocation..com.test.testscripts.TestNG_LoginPageTest => afterTestMethod
13:29:22.548 INFO  core.BaseTestPlan -Thread[TestNG-test=WebTest - Test Login Page in Chrome-1,5,main] Finish method testIDVPageisDisplayed
13:29:22.548 INFO  helpers.ExtentListener - After Invocation..com.test.testscripts.TestNG_LoginPageTest => afterTestMethod
13:29:23.050 INFO  helpers.ExtentListener -WebTest - Test Login Page in Chrome Test Finished..
13:29:23.051 INFO  helpers.ExtentListener - Before Invocation..com.test.testscripts.TestNG_LoginPageTest => afterTestSuite
13:29:23.135 INFO  core.BaseTestPlan -Test Suite Execution Time: 0 minutes.
13:29:23.135 INFO  helpers.ExtentListener - After Invocation..com.test.testscripts.TestNG_LoginPageTest => afterTestSuite
13:29:23.135 INFO  helpers.ExtentListener -Selenium Web Framework Simple Test Parallel Suite Finished..
14:04:05.821 INFO  helpers.ExtentListener -Selenium Web Framework Simple Test Parallel Suite Started..
14:04:06.081 INFO  helpers.ExtentListener -WebTest - Test Login Page in Chrome Class Started..
14:04:06.088 INFO  helpers.ExtentListener - Before Invocation..com.test.testscripts.TestNG_LoginPageTest => beforeTest
14:04:06.104 INFO  helpers.ExtentListener - After Invocation..com.test.testscripts.TestNG_LoginPageTest => beforeTest
14:04:06.124 INFO  helpers.ExtentListener - Before Invocation..com.test.testscripts.TestNG_LoginPageTest => beforeTestMethod
14:04:06.124 INFO  helpers.ExtentListener - After Invocation..com.test.testscripts.TestNG_LoginPageTest => beforeTestMethod
14:04:06.155 WARN  helpers.ExtentListener -testIDVPageisDisplayed Test Skipped..java.lang.NullPointerException
14:04:06.159 ERROR helpers.ExtentListener -testIDVPageisDisplayed Test Failed..java.lang.NullPointerException
14:04:06.591 INFO  helpers.ExtentListener -WebTest - Test Login Page in Chrome Test Finished..
14:04:06.593 INFO  helpers.ExtentListener - Before Invocation..com.test.testscripts.TestNG_LoginPageTest => afterTestSuite
14:04:06.593 INFO  helpers.ExtentListener - After Invocation..com.test.testscripts.TestNG_LoginPageTest => afterTestSuite
14:04:06.600 INFO  helpers.ExtentListener -Selenium Web Framework Simple Test Parallel Suite Finished..
14:06:37.864 INFO  helpers.ExtentListener -Selenium Web Framework Simple Test Parallel Suite Started..
14:06:38.105 INFO  helpers.ExtentListener -WebTest - Test Login Page in Chrome Class Started..
14:06:38.108 INFO  helpers.ExtentListener - Before Invocation..com.test.testscripts.TestNG_LoginPageTest => beforeTest
14:06:38.120 INFO  helpers.ExtentListener - After Invocation..com.test.testscripts.TestNG_LoginPageTest => beforeTest
14:06:38.142 INFO  helpers.ExtentListener - Before Invocation..com.test.testscripts.TestNG_LoginPageTest => beforeTestMethod
14:06:38.142 INFO  helpers.ExtentListener - After Invocation..com.test.testscripts.TestNG_LoginPageTest => beforeTestMethod
14:06:38.176 WARN  helpers.ExtentListener -testIDVPageisDisplayed Test Skipped..java.lang.NullPointerException
14:06:38.178 ERROR helpers.ExtentListener -testIDVPageisDisplayed Test Failed..java.lang.NullPointerException
14:06:38.782 INFO  helpers.ExtentListener -WebTest - Test Login Page in Chrome Test Finished..
14:06:38.784 INFO  helpers.ExtentListener - Before Invocation..com.test.testscripts.TestNG_LoginPageTest => afterTestSuite
14:06:38.785 INFO  helpers.ExtentListener - After Invocation..com.test.testscripts.TestNG_LoginPageTest => afterTestSuite
14:06:38.790 INFO  helpers.ExtentListener -Selenium Web Framework Simple Test Parallel Suite Finished..
14:08:22.135 INFO  helpers.ExtentListener -Selenium Web Framework Simple Test Parallel Suite Started..
14:10:43.914 INFO  helpers.ExtentListener -WebTest - Test Login Page in Chrome Class Started..
14:11:48.417 INFO  helpers.ExtentListener - Before Invocation..com.test.testscripts.TestNG_LoginPageTest => beforeTest
14:11:58.771 INFO  helpers.ExtentListener - After Invocation..com.test.testscripts.TestNG_LoginPageTest => beforeTest
14:12:33.750 INFO  helpers.ExtentListener - Before Invocation..com.test.testscripts.TestNG_LoginPageTest => beforeTestMethod
14:12:53.780 INFO  helpers.ExtentListener - After Invocation..com.test.testscripts.TestNG_LoginPageTest => beforeTestMethod
14:13:00.030 WARN  helpers.ExtentListener -testIDVPageisDisplayed Test Skipped..java.lang.NullPointerException
14:13:02.760 ERROR helpers.ExtentListener -testIDVPageisDisplayed Test Failed..java.lang.NullPointerException
14:13:03.388 INFO  helpers.ExtentListener -WebTest - Test Login Page in Chrome Test Finished..
14:13:05.774 INFO  helpers.ExtentListener - Before Invocation..com.test.testscripts.TestNG_LoginPageTest => afterTestSuite
14:13:05.775 INFO  helpers.ExtentListener - After Invocation..com.test.testscripts.TestNG_LoginPageTest => afterTestSuite
14:13:05.786 INFO  helpers.ExtentListener -Selenium Web Framework Simple Test Parallel Suite Finished..
14:16:06.658 INFO  helpers.ExtentListener -Selenium Web Framework Simple Test Parallel Suite Started..
14:16:06.904 INFO  helpers.ExtentListener -WebTest - Test Login Page in Chrome Class Started..
14:16:06.910 INFO  helpers.ExtentListener - Before Invocation..com.test.testscripts.TestNG_LoginPageTest => beforeTest
14:16:06.921 INFO  helpers.ExtentListener - After Invocation..com.test.testscripts.TestNG_LoginPageTest => beforeTest
14:16:06.941 INFO  helpers.ExtentListener - Before Invocation..com.test.testscripts.TestNG_LoginPageTest => beforeTestMethod
14:16:06.941 INFO  core.BaseTestPlan -Thread[TestNG-test=WebTest - Test Login Page in Chrome-1,5,main] Start method testIDVPageisDisplayed
14:16:06.941 INFO  helpers.ExtentListener - After Invocation..com.test.testscripts.TestNG_LoginPageTest => beforeTestMethod
14:16:06.968 WARN  helpers.ExtentListener -testIDVPageisDisplayed Test Skipped..java.lang.NullPointerException
14:16:06.974 ERROR helpers.ExtentListener -testIDVPageisDisplayed Test Failed..java.lang.NullPointerException
14:16:07.649 INFO  helpers.ExtentListener -WebTest - Test Login Page in Chrome Test Finished..
14:16:07.651 INFO  helpers.ExtentListener - Before Invocation..com.test.testscripts.TestNG_LoginPageTest => afterTestSuite
14:16:07.651 INFO  helpers.ExtentListener - After Invocation..com.test.testscripts.TestNG_LoginPageTest => afterTestSuite
14:16:07.656 INFO  helpers.ExtentListener -Selenium Web Framework Simple Test Parallel Suite Finished..
14:20:05.924 INFO  helpers.ExtentListener -Selenium Web Framework Simple Test Parallel Suite Started..
14:20:05.963 INFO  helpers.ExtentListener - Before Invocation..com.test.testscripts.TestNG_LoginPageTest => beforeTestSuite
14:20:05.966 INFO  helpers.ExtentListener - After Invocation..com.test.testscripts.TestNG_LoginPageTest => beforeTestSuite
14:20:05.968 INFO  helpers.ExtentListener - Before Invocation..com.test.testscripts.TestNG_LoginPageTest => setUpSelenium
14:20:05.969 INFO  helpers.ExtentListener - After Invocation..com.test.testscripts.TestNG_LoginPageTest => setUpSelenium
14:20:05.971 INFO  helpers.ExtentListener -WebTest - Test Login Page in Chrome Class Started..
14:20:05.975 INFO  helpers.ExtentListener - Before Invocation..com.test.testscripts.TestNG_LoginPageTest => beforeTest
14:20:05.987 INFO  helpers.ExtentListener - After Invocation..com.test.testscripts.TestNG_LoginPageTest => beforeTest
14:20:06.010 INFO  helpers.ExtentListener - Before Invocation..com.test.testscripts.TestNG_LoginPageTest => beforeTestMethod
14:20:06.011 INFO  core.BaseTestPlan -Thread[TestNG-test=WebTest - Test Login Page in Chrome-1,5,main] Start method testIDVPageisDisplayed
14:20:06.011 INFO  helpers.ExtentListener - After Invocation..com.test.testscripts.TestNG_LoginPageTest => beforeTestMethod
14:20:06.052 INFO  helpers.ExtentListener -testIDVPageisDisplayed Test Started..
14:20:06.052 INFO  helpers.ExtentListener - Before Invocation..com.test.testscripts.TestNG_LoginPageTest => testIDVPageisDisplayed
14:20:30.240 INFO  helpers.ExtentListener - After Invocation..com.test.testscripts.TestNG_LoginPageTest => testIDVPageisDisplayed
14:20:30.242 INFO  helpers.ExtentListener -testIDVPageisDisplayed Test Passed..
14:20:30.243 INFO  helpers.ExtentListener - Before Invocation..com.test.testscripts.TestNG_LoginPageTest => afterTestMethod
14:20:31.213 INFO  core.BaseTestPlan -Thread[TestNG-test=WebTest - Test Login Page in Chrome-1,5,main] Finish method testIDVPageisDisplayed
14:20:31.213 INFO  helpers.ExtentListener - After Invocation..com.test.testscripts.TestNG_LoginPageTest => afterTestMethod
14:20:31.262 INFO  helpers.ExtentListener -WebTest - Test Login Page in Chrome Test Finished..
14:20:31.264 INFO  helpers.ExtentListener - Before Invocation..com.test.testscripts.TestNG_LoginPageTest => afterTestSuite
14:20:31.695 INFO  core.BaseTestPlan -Test Suite Execution Time: 0 minutes.
14:20:31.695 INFO  helpers.ExtentListener - After Invocation..com.test.testscripts.TestNG_LoginPageTest => afterTestSuite
14:20:31.696 INFO  helpers.ExtentListener -Selenium Web Framework Simple Test Parallel Suite Finished..
14:24:22.077 INFO  helpers.ExtentListener -Selenium Web Framework Simple Test Parallel Suite Started..
14:24:22.123 INFO  helpers.ExtentListener - Before Invocation..com.test.testscripts.TestNG_LoginPageTest => beforeTestSuite
14:24:22.127 INFO  helpers.ExtentListener - After Invocation..com.test.testscripts.TestNG_LoginPageTest => beforeTestSuite
14:24:22.129 INFO  helpers.ExtentListener - Before Invocation..com.test.testscripts.TestNG_LoginPageTest => setUpSelenium
14:24:22.130 INFO  helpers.ExtentListener - After Invocation..com.test.testscripts.TestNG_LoginPageTest => setUpSelenium
14:24:22.133 INFO  helpers.ExtentListener -WebTest - Test Login Page in Chrome Class Started..
14:24:22.136 INFO  helpers.ExtentListener - Before Invocation..com.test.testscripts.TestNG_LoginPageTest => beforeTest
14:24:22.148 INFO  helpers.ExtentListener - After Invocation..com.test.testscripts.TestNG_LoginPageTest => beforeTest
14:24:22.170 INFO  helpers.ExtentListener - Before Invocation..com.test.testscripts.TestNG_LoginPageTest => beforeTestMethod
14:24:22.170 INFO  core.BaseTestPlan -Thread[TestNG-test=WebTest - Test Login Page in Chrome-1,5,main] Start method testIDVPageisDisplayed
14:24:22.170 INFO  helpers.ExtentListener - After Invocation..com.test.testscripts.TestNG_LoginPageTest => beforeTestMethod
14:24:22.199 INFO  helpers.ExtentListener -testIDVPageisDisplayed Test Started..
14:24:22.200 INFO  helpers.ExtentListener - Before Invocation..com.test.testscripts.TestNG_LoginPageTest => testIDVPageisDisplayed
14:24:45.892 INFO  helpers.ExtentListener - After Invocation..com.test.testscripts.TestNG_LoginPageTest => testIDVPageisDisplayed
14:24:45.894 INFO  helpers.ExtentListener -testIDVPageisDisplayed Test Passed..
14:24:45.895 INFO  helpers.ExtentListener - Before Invocation..com.test.testscripts.TestNG_LoginPageTest => afterTestMethod
14:24:46.752 INFO  core.BaseTestPlan -Thread[TestNG-test=WebTest - Test Login Page in Chrome-1,5,main] Finish method testIDVPageisDisplayed
14:24:46.752 INFO  helpers.ExtentListener - After Invocation..com.test.testscripts.TestNG_LoginPageTest => afterTestMethod
14:24:46.808 INFO  helpers.ExtentListener -WebTest - Test Login Page in Chrome Test Finished..
14:24:46.812 INFO  helpers.ExtentListener - Before Invocation..com.test.testscripts.TestNG_LoginPageTest => afterTestSuite
14:24:46.812 INFO  core.BaseTestPlan -Test Suite Execution Time: 0 minutes.
14:24:46.812 INFO  helpers.ExtentListener - After Invocation..com.test.testscripts.TestNG_LoginPageTest => afterTestSuite
14:24:46.812 INFO  helpers.ExtentListener -Selenium Web Framework Simple Test Parallel Suite Finished..
14:26:31.469 INFO  helpers.ExtentListener -Selenium Web Framework Simple Test Parallel Suite Started..
14:26:31.506 INFO  helpers.ExtentListener - Before Invocation..com.test.testscripts.TestNG_LoginPageTest => beforeTestSuite
14:26:31.509 INFO  helpers.ExtentListener - After Invocation..com.test.testscripts.TestNG_LoginPageTest => beforeTestSuite
14:26:31.511 INFO  helpers.ExtentListener - Before Invocation..com.test.testscripts.TestNG_LoginPageTest => setUpSelenium
14:26:31.512 INFO  helpers.ExtentListener - After Invocation..com.test.testscripts.TestNG_LoginPageTest => setUpSelenium
14:26:31.515 INFO  helpers.ExtentListener -WebTest - Test Login Page in Chrome Class Started..
14:26:31.518 INFO  helpers.ExtentListener - Before Invocation..com.test.testscripts.TestNG_LoginPageTest => beforeTest
14:26:31.529 INFO  helpers.ExtentListener - After Invocation..com.test.testscripts.TestNG_LoginPageTest => beforeTest
14:26:31.547 INFO  helpers.ExtentListener - Before Invocation..com.test.testscripts.TestNG_LoginPageTest => beforeTestMethod
14:26:31.548 INFO  core.BaseTestPlan -Thread[TestNG-test=WebTest - Test Login Page in Chrome-1,5,main] Start method testIDVPageisDisplayed
14:26:31.548 INFO  helpers.ExtentListener - After Invocation..com.test.testscripts.TestNG_LoginPageTest => beforeTestMethod
14:26:31.570 INFO  helpers.ExtentListener -testIDVPageisDisplayed Test Started..
14:26:31.570 INFO  helpers.ExtentListener - Before Invocation..com.test.testscripts.TestNG_LoginPageTest => testIDVPageisDisplayed
14:26:54.478 INFO  helpers.ExtentListener - After Invocation..com.test.testscripts.TestNG_LoginPageTest => testIDVPageisDisplayed
14:26:54.480 INFO  helpers.ExtentListener -testIDVPageisDisplayed Test Passed..
14:26:54.481 INFO  helpers.ExtentListener - Before Invocation..com.test.testscripts.TestNG_LoginPageTest => afterTestMethod
14:26:55.354 INFO  core.BaseTestPlan -Thread[TestNG-test=WebTest - Test Login Page in Chrome-1,5,main] Finish method testIDVPageisDisplayed
14:26:55.354 INFO  helpers.ExtentListener - After Invocation..com.test.testscripts.TestNG_LoginPageTest => afterTestMethod
14:26:55.410 INFO  helpers.ExtentListener -WebTest - Test Login Page in Chrome Test Finished..
14:26:55.412 INFO  helpers.ExtentListener - Before Invocation..com.test.testscripts.TestNG_LoginPageTest => afterTestSuite
14:26:55.413 INFO  core.BaseTestPlan -Test Suite Execution Time: 0 minutes.
14:26:55.413 INFO  helpers.ExtentListener - After Invocation..com.test.testscripts.TestNG_LoginPageTest => afterTestSuite
14:26:55.413 INFO  helpers.ExtentListener -Selenium Web Framework Simple Test Parallel Suite Finished..
14:27:30.988 INFO  helpers.ExtentListener -Selenium Web Framework Simple Test Parallel Suite Started..
14:27:31.031 INFO  helpers.ExtentListener - Before Invocation..com.test.testscripts.TestNG_LoginPageTest => beforeTestSuite
14:27:31.035 INFO  helpers.ExtentListener - After Invocation..com.test.testscripts.TestNG_LoginPageTest => beforeTestSuite
14:27:31.037 INFO  helpers.ExtentListener - Before Invocation..com.test.testscripts.TestNG_LoginPageTest => setUpSelenium
14:27:31.038 INFO  helpers.ExtentListener - After Invocation..com.test.testscripts.TestNG_LoginPageTest => setUpSelenium
14:27:31.040 INFO  helpers.ExtentListener -WebTest - Test Login Page in Chrome Class Started..
14:27:31.043 INFO  helpers.ExtentListener - Before Invocation..com.test.testscripts.TestNG_LoginPageTest => beforeTest
14:27:31.054 INFO  helpers.ExtentListener - After Invocation..com.test.testscripts.TestNG_LoginPageTest => beforeTest
14:27:31.075 INFO  helpers.ExtentListener - Before Invocation..com.test.testscripts.TestNG_LoginPageTest => beforeTestMethod
14:27:31.076 INFO  core.BaseTestPlan -Thread[TestNG-test=WebTest - Test Login Page in Chrome-2,5,main] Start method testNextisEnabled
14:27:31.076 INFO  helpers.ExtentListener - After Invocation..com.test.testscripts.TestNG_LoginPageTest => beforeTestMethod
14:27:31.093 INFO  helpers.ExtentListener - Before Invocation..com.test.testscripts.TestNG_LoginPageTest => beforeTestMethod
14:27:31.093 INFO  core.BaseTestPlan -Thread[TestNG-test=WebTest - Test Login Page in Chrome-1,5,main] Start method testIDVPageisDisplayed
14:27:31.094 INFO  helpers.ExtentListener - After Invocation..com.test.testscripts.TestNG_LoginPageTest => beforeTestMethod
14:27:31.104 INFO  helpers.ExtentListener -testIDVPageisDisplayed Test Started..
14:27:31.105 INFO  helpers.ExtentListener - Before Invocation..com.test.testscripts.TestNG_LoginPageTest => testIDVPageisDisplayed
14:27:31.120 INFO  helpers.ExtentListener -testNextisEnabled Test Started..
14:27:31.120 INFO  helpers.ExtentListener - Before Invocation..com.test.testscripts.TestNG_LoginPageTest => testNextisEnabled
14:27:56.456 INFO  webelements.webBasePage -Thread[TestNG-test=WebTest - Test Login Page in Chrome-2,5,main] assert buttonelement <a style="font-style:normal;color:#8C8984;text-decoration:none;" href=# ">Next Button,: By.id: nextBtn</a> is enabled.
14:27:56.536 INFO  helpers.ExtentListener - After Invocation..com.test.testscripts.TestNG_LoginPageTest => testNextisEnabled
14:27:56.544 ERROR helpers.ExtentListener -testNextisEnabled Test Failed..java.lang.AssertionError: buttonelement Next Button, by={By.id: nextBtn} not found. expected [true] but found [false]
14:27:56.545 INFO  helpers.ExtentListener - Before Invocation..com.test.testscripts.TestNG_LoginPageTest => afterTestMethod
14:27:57.676 INFO  core.BaseTestPlan -Thread[TestNG-test=WebTest - Test Login Page in Chrome-2,5,main] Finish method testNextisEnabled
14:27:57.676 INFO  helpers.ExtentListener - After Invocation..com.test.testscripts.TestNG_LoginPageTest => afterTestMethod
14:28:04.067 INFO  helpers.ExtentListener - After Invocation..com.test.testscripts.TestNG_LoginPageTest => testIDVPageisDisplayed
14:28:04.069 INFO  helpers.ExtentListener -testIDVPageisDisplayed Test Passed..
14:28:04.070 INFO  helpers.ExtentListener - Before Invocation..com.test.testscripts.TestNG_LoginPageTest => afterTestMethod
14:28:04.964 INFO  core.BaseTestPlan -Thread[TestNG-test=WebTest - Test Login Page in Chrome-1,5,main] Finish method testIDVPageisDisplayed
14:28:04.965 INFO  helpers.ExtentListener - After Invocation..com.test.testscripts.TestNG_LoginPageTest => afterTestMethod
14:28:05.073 INFO  helpers.ExtentListener -WebTest - Test Login Page in Chrome Test Finished..
14:28:05.079 INFO  helpers.ExtentListener - Before Invocation..com.test.testscripts.TestNG_LoginPageTest => afterTestSuite
14:28:05.079 INFO  core.BaseTestPlan -Test Suite Execution Time: 0 minutes.
14:28:05.079 INFO  helpers.ExtentListener - After Invocation..com.test.testscripts.TestNG_LoginPageTest => afterTestSuite
14:28:05.079 INFO  helpers.ExtentListener -Selenium Web Framework Simple Test Parallel Suite Finished..
14:29:13.375 INFO  helpers.ExtentListener -Selenium Web Framework Simple Test Parallel Suite Started..
14:29:13.413 INFO  helpers.ExtentListener - Before Invocation..com.test.testscripts.TestNG_LoginPageTest => beforeTestSuite
14:29:13.417 INFO  helpers.ExtentListener - After Invocation..com.test.testscripts.TestNG_LoginPageTest => beforeTestSuite
14:29:13.419 INFO  helpers.ExtentListener - Before Invocation..com.test.testscripts.TestNG_LoginPageTest => setUpSelenium
14:29:13.420 INFO  helpers.ExtentListener - After Invocation..com.test.testscripts.TestNG_LoginPageTest => setUpSelenium
14:29:13.424 INFO  helpers.ExtentListener -WebTest - Test Login Page in Chrome Class Started..
14:29:13.427 INFO  helpers.ExtentListener - Before Invocation..com.test.testscripts.TestNG_LoginPageTest => beforeTest
14:29:13.446 INFO  helpers.ExtentListener - After Invocation..com.test.testscripts.TestNG_LoginPageTest => beforeTest
14:29:13.469 INFO  helpers.ExtentListener - Before Invocation..com.test.testscripts.TestNG_LoginPageTest => beforeTestMethod
14:29:13.469 INFO  core.BaseTestPlan -Thread[main,5,main] Start method testIDVPageisDisplayed
14:29:13.469 INFO  helpers.ExtentListener - After Invocation..com.test.testscripts.TestNG_LoginPageTest => beforeTestMethod
14:29:13.497 INFO  helpers.ExtentListener -testIDVPageisDisplayed Test Started..
14:29:13.497 INFO  helpers.ExtentListener - Before Invocation..com.test.testscripts.TestNG_LoginPageTest => testIDVPageisDisplayed
14:29:34.030 INFO  helpers.ExtentListener - After Invocation..com.test.testscripts.TestNG_LoginPageTest => testIDVPageisDisplayed
14:29:34.031 INFO  helpers.ExtentListener -testIDVPageisDisplayed Test Passed..
14:29:34.032 INFO  helpers.ExtentListener - Before Invocation..com.test.testscripts.TestNG_LoginPageTest => afterTestMethod
14:29:34.958 INFO  core.BaseTestPlan -Thread[main,5,main] Finish method testIDVPageisDisplayed
14:29:34.958 INFO  helpers.ExtentListener - After Invocation..com.test.testscripts.TestNG_LoginPageTest => afterTestMethod
14:29:34.959 INFO  helpers.ExtentListener - Before Invocation..com.test.testscripts.TestNG_LoginPageTest => beforeTestMethod
14:29:34.959 INFO  core.BaseTestPlan -Thread[main,5,main] Start method testNextisEnabled
14:29:34.959 INFO  helpers.ExtentListener - After Invocation..com.test.testscripts.TestNG_LoginPageTest => beforeTestMethod
14:29:34.960 INFO  helpers.ExtentListener -testNextisEnabled Test Started..
14:29:34.961 INFO  helpers.ExtentListener - Before Invocation..com.test.testscripts.TestNG_LoginPageTest => testNextisEnabled
14:29:49.680 INFO  webelements.webBasePage -Thread[main,5,main] assert buttonelement <a style="font-style:normal;color:#8C8984;text-decoration:none;" href=# ">Next Button,: By.id: nextBtn</a> is enabled.
14:29:49.734 INFO  helpers.ExtentListener - After Invocation..com.test.testscripts.TestNG_LoginPageTest => testNextisEnabled
14:29:49.754 ERROR helpers.ExtentListener -testNextisEnabled Test Failed..java.lang.AssertionError: buttonelement Next Button, by={By.id: nextBtn} not found. expected [true] but found [false]
14:29:49.755 INFO  helpers.ExtentListener - Before Invocation..com.test.testscripts.TestNG_LoginPageTest => afterTestMethod
14:29:50.657 INFO  core.BaseTestPlan -Thread[main,5,main] Finish method testNextisEnabled
14:29:50.658 INFO  helpers.ExtentListener - After Invocation..com.test.testscripts.TestNG_LoginPageTest => afterTestMethod
14:29:50.727 INFO  helpers.ExtentListener -WebTest - Test Login Page in Chrome Test Finished..
14:29:50.729 INFO  helpers.ExtentListener - Before Invocation..com.test.testscripts.TestNG_LoginPageTest => afterTestSuite
14:29:50.729 INFO  core.BaseTestPlan -Test Suite Execution Time: 0 minutes.
14:29:50.729 INFO  helpers.ExtentListener - After Invocation..com.test.testscripts.TestNG_LoginPageTest => afterTestSuite
14:29:50.731 INFO  helpers.ExtentListener -Selenium Web Framework Simple Test Parallel Suite Finished..
14:31:25.068 INFO  helpers.ExtentListener -Selenium Web Framework Simple Test Parallel Suite Started..
14:31:25.118 INFO  helpers.ExtentListener - Before Invocation..com.test.testscripts.TestNG_LoginPageTest => beforeTestSuite
14:31:25.122 INFO  helpers.ExtentListener - After Invocation..com.test.testscripts.TestNG_LoginPageTest => beforeTestSuite
14:31:25.123 INFO  helpers.ExtentListener - Before Invocation..com.test.testscripts.TestNG_LoginPageTest => setUpSelenium
14:31:25.124 INFO  helpers.ExtentListener - After Invocation..com.test.testscripts.TestNG_LoginPageTest => setUpSelenium
14:31:25.127 INFO  helpers.ExtentListener -WebTest - Test Login Page in Chrome Class Started..
14:31:25.131 INFO  helpers.ExtentListener - Before Invocation..com.test.testscripts.TestNG_LoginPageTest => beforeTest
14:31:25.143 INFO  helpers.ExtentListener - After Invocation..com.test.testscripts.TestNG_LoginPageTest => beforeTest
14:31:25.169 INFO  helpers.ExtentListener - Before Invocation..com.test.testscripts.TestNG_LoginPageTest => beforeTestMethod
14:31:25.169 INFO  helpers.ExtentListener - Before Invocation..com.test.testscripts.TestNG_LoginPageTest => beforeTestMethod
14:31:25.170 INFO  core.BaseTestPlan -Thread[TestNG-test=WebTest - Test Login Page in Chrome-2,5,main] Start method testNextisEnabled
14:31:25.170 INFO  helpers.ExtentListener - After Invocation..com.test.testscripts.TestNG_LoginPageTest => beforeTestMethod
14:31:25.170 INFO  core.BaseTestPlan -Thread[TestNG-test=WebTest - Test Login Page in Chrome-1,5,main] Start method testIDVPageisDisplayed
14:31:25.170 INFO  helpers.ExtentListener - After Invocation..com.test.testscripts.TestNG_LoginPageTest => beforeTestMethod
14:31:25.198 INFO  helpers.ExtentListener -testIDVPageisDisplayed Test Started..
14:31:25.198 INFO  helpers.ExtentListener - Before Invocation..com.test.testscripts.TestNG_LoginPageTest => testIDVPageisDisplayed
14:31:25.199 INFO  helpers.ExtentListener -testNextisEnabled Test Started..
14:31:25.199 INFO  helpers.ExtentListener - Before Invocation..com.test.testscripts.TestNG_LoginPageTest => testNextisEnabled
14:31:51.085 INFO  webelements.webBasePage -Thread[TestNG-test=WebTest - Test Login Page in Chrome-2,5,main] assert buttonelement <a style="font-style:normal;color:#8C8984;text-decoration:none;" href=# ">Next Button,: By.id: nextBtn</a> is enabled.
14:31:51.226 INFO  helpers.ExtentListener - After Invocation..com.test.testscripts.TestNG_LoginPageTest => testNextisEnabled
14:31:51.232 ERROR helpers.ExtentListener -testNextisEnabled Test Failed..java.lang.AssertionError: buttonelement Next Button, by={By.id: nextBtn} not found. expected [true] but found [false]
14:31:51.233 INFO  helpers.ExtentListener - Before Invocation..com.test.testscripts.TestNG_LoginPageTest => afterTestMethod
14:31:52.390 INFO  core.BaseTestPlan -Thread[TestNG-test=WebTest - Test Login Page in Chrome-2,5,main] Finish method testNextisEnabled
14:31:52.390 INFO  helpers.ExtentListener - After Invocation..com.test.testscripts.TestNG_LoginPageTest => afterTestMethod
14:31:58.376 INFO  helpers.ExtentListener - After Invocation..com.test.testscripts.TestNG_LoginPageTest => testIDVPageisDisplayed
14:31:58.378 INFO  helpers.ExtentListener -testIDVPageisDisplayed Test Passed..
14:31:58.379 INFO  helpers.ExtentListener - Before Invocation..com.test.testscripts.TestNG_LoginPageTest => afterTestMethod
14:31:59.254 INFO  core.BaseTestPlan -Thread[TestNG-test=WebTest - Test Login Page in Chrome-1,5,main] Finish method testIDVPageisDisplayed
14:31:59.254 INFO  helpers.ExtentListener - After Invocation..com.test.testscripts.TestNG_LoginPageTest => afterTestMethod
14:31:59.300 INFO  helpers.ExtentListener -WebTest - Test Login Page in Chrome Test Finished..
14:31:59.302 INFO  helpers.ExtentListener - Before Invocation..com.test.testscripts.TestNG_LoginPageTest => afterTestSuite
14:31:59.302 INFO  core.BaseTestPlan -Test Suite Execution Time: 0 minutes.
14:31:59.302 INFO  helpers.ExtentListener - After Invocation..com.test.testscripts.TestNG_LoginPageTest => afterTestSuite
14:31:59.302 INFO  helpers.ExtentListener -Selenium Web Framework Simple Test Parallel Suite Finished..
14:45:26.351 INFO  helpers.ExtentListener -Selenium Web Framework Simple Test Parallel Suite Started..
14:45:26.386 INFO  helpers.ExtentListener - Before Invocation..com.test.testscripts.TestNG_LoginPageTest => beforeTestSuite
14:45:26.390 INFO  helpers.ExtentListener - After Invocation..com.test.testscripts.TestNG_LoginPageTest => beforeTestSuite
14:45:26.391 INFO  helpers.ExtentListener - Before Invocation..com.test.testscripts.TestNG_LoginPageTest => setUpSelenium
14:45:26.392 INFO  helpers.ExtentListener - After Invocation..com.test.testscripts.TestNG_LoginPageTest => setUpSelenium
14:45:26.396 INFO  helpers.ExtentListener -WebTest - Test Login Page in Chrome Class Started..
14:45:26.398 INFO  helpers.ExtentListener - Before Invocation..com.test.testscripts.TestNG_LoginPageTest => beforeTest
14:45:26.410 INFO  helpers.ExtentListener - After Invocation..com.test.testscripts.TestNG_LoginPageTest => beforeTest
14:45:26.436 INFO  helpers.ExtentListener - Before Invocation..com.test.testscripts.TestNG_LoginPageTest => beforeTestMethod
14:45:26.436 INFO  core.BaseTestPlan -Thread[TestNG-test=WebTest - Test Login Page in Chrome-2,5,main] Start method testNextisEnabled
14:45:26.437 INFO  helpers.ExtentListener - After Invocation..com.test.testscripts.TestNG_LoginPageTest => beforeTestMethod
14:45:26.456 INFO  helpers.ExtentListener - Before Invocation..com.test.testscripts.TestNG_LoginPageTest => beforeTestMethod
14:45:26.456 INFO  core.BaseTestPlan -Thread[TestNG-test=WebTest - Test Login Page in Chrome-1,5,main] Start method testIDVPageisDisplayed
14:45:26.456 INFO  helpers.ExtentListener - After Invocation..com.test.testscripts.TestNG_LoginPageTest => beforeTestMethod
14:45:26.464 INFO  helpers.ExtentListener -testNextisEnabled Test Started..
14:45:26.465 INFO  helpers.ExtentListener - Before Invocation..com.test.testscripts.TestNG_LoginPageTest => testNextisEnabled
14:45:26.465 INFO  helpers.ExtentListener -testIDVPageisDisplayed Test Started..
14:45:26.465 INFO  helpers.ExtentListener - Before Invocation..com.test.testscripts.TestNG_LoginPageTest => testIDVPageisDisplayed
14:45:52.134 INFO  webelements.webBasePage -Thread[TestNG-test=WebTest - Test Login Page in Chrome-2,5,main] assert buttonelement <a style="font-style:normal;color:#8C8984;text-decoration:none;" href=# ">Next Button,: By.id: nextBtn</a> is enabled.
14:45:52.477 INFO  helpers.ExtentListener - After Invocation..com.test.testscripts.TestNG_LoginPageTest => testNextisEnabled
14:45:52.491 ERROR helpers.ExtentListener -testNextisEnabled Test Failed..java.lang.AssertionError: buttonelement Next Button, by={By.id: nextBtn} not found. expected [true] but found [false]
14:45:52.492 INFO  helpers.ExtentListener - Before Invocation..com.test.testscripts.TestNG_LoginPageTest => afterTestMethod
14:45:53.708 INFO  core.BaseTestPlan -Thread[TestNG-test=WebTest - Test Login Page in Chrome-2,5,main] Finish method testNextisEnabled
14:45:53.708 INFO  helpers.ExtentListener - After Invocation..com.test.testscripts.TestNG_LoginPageTest => afterTestMethod
14:46:01.056 INFO  helpers.ExtentListener - After Invocation..com.test.testscripts.TestNG_LoginPageTest => testIDVPageisDisplayed
14:46:01.057 INFO  helpers.ExtentListener -testIDVPageisDisplayed Test Passed..
14:46:01.058 INFO  helpers.ExtentListener - Before Invocation..com.test.testscripts.TestNG_LoginPageTest => afterTestMethod
14:46:02.249 INFO  core.BaseTestPlan -Thread[TestNG-test=WebTest - Test Login Page in Chrome-1,5,main] Finish method testIDVPageisDisplayed
14:46:02.250 INFO  helpers.ExtentListener - After Invocation..com.test.testscripts.TestNG_LoginPageTest => afterTestMethod
14:46:02.307 INFO  helpers.ExtentListener -WebTest - Test Login Page in Chrome Test Finished..
14:46:02.308 INFO  helpers.ExtentListener - Before Invocation..com.test.testscripts.TestNG_LoginPageTest => afterTestSuite
14:46:02.309 INFO  core.BaseTestPlan -Test Suite Execution Time: 0 minutes.
14:46:02.309 INFO  helpers.ExtentListener - After Invocation..com.test.testscripts.TestNG_LoginPageTest => afterTestSuite
14:46:02.309 INFO  helpers.ExtentListener -Selenium Web Framework Simple Test Parallel Suite Finished..
