<!DOCTYPE html>

<html>
  <head>
  <meta charset='utf-8'>
  <title>TestNG reports</title>

    <link type="text/css" href="testng-reports.css" rel="stylesheet" />
    <script type="text/javascript" src="jquery-1.7.1.min.js"></script>
    <script type="text/javascript" src="testng-reports.js"></script>
    <script type="text/javascript" src="https://www.google.com/jsapi"></script>
    <script type='text/javascript'>
      google.load('visualization', '1', {packages:['table']});
      google.setOnLoadCallback(drawTable);
      var suiteTableInitFunctions = new Array();
      var suiteTableData = new Array();
    </script>
    <!--
      <script type="text/javascript" src="jquery-ui/js/jquery-ui-1.8.16.custom.min.js"></script>
     -->
  </head>

  <body>
    <div class="top-banner-root">
      <span class="top-banner-title-font">Test results</span>
      <br/>
      <span class="top-banner-font-1">1 suite, 3 failed tests</span>
    </div> <!-- top-banner-root -->
    <div class="navigator-root">
      <div class="navigator-suite-header">
        <span>All suites</span>
        <a href="#" class="collapse-all-link" title="Collapse/expand all the suites">
          <img class="collapse-all-icon" src="collapseall.gif">
          </img> <!-- collapse-all-icon -->
        </a> <!-- collapse-all-link -->
      </div> <!-- navigator-suite-header -->
      <div class="suite">
        <div class="rounded-window">
          <div class="suite-header light-rounded-window-top">
            <a href="#" class="navigator-link" panel-name="suite-Selenium_Web_Framework_with_Factory_and_Data_Provider">
              <span class="suite-name border-failed">Selenium Web Framework with Factory and Data Provider</span>
            </a> <!-- navigator-link -->
          </div> <!-- suite-header light-rounded-window-top -->
          <div class="navigator-suite-content">
            <div class="suite-section-title">
              <span>Info</span>
            </div> <!-- suite-section-title -->
            <div class="suite-section-content">
              <ul>
                <li>
                  <a href="#" class="navigator-link " panel-name="test-xml-Selenium_Web_Framework_with_Factory_and_Data_Provider">
                    <span>C:\Users\IBM_ADMIN\eclipse-workspace\webframework\src\test\java\com\test\testng\factory-with-data-provider.xml</span>
                  </a> <!-- navigator-link  -->
                </li>
                <li>
                  <a href="#" class="navigator-link " panel-name="testlist-Selenium_Web_Framework_with_Factory_and_Data_Provider">
                    <span class="test-stats">7 tests</span>
                  </a> <!-- navigator-link  -->
                </li>
                <li>
                  <a href="#" class="navigator-link " panel-name="group-Selenium_Web_Framework_with_Factory_and_Data_Provider">
                    <span>0 groups</span>
                  </a> <!-- navigator-link  -->
                </li>
                <li>
                  <a href="#" class="navigator-link " panel-name="times-Selenium_Web_Framework_with_Factory_and_Data_Provider">
                    <span>Times</span>
                  </a> <!-- navigator-link  -->
                </li>
                <li>
                  <a href="#" class="navigator-link " panel-name="reporter-Selenium_Web_Framework_with_Factory_and_Data_Provider">
                    <span>Reporter output</span>
                  </a> <!-- navigator-link  -->
                </li>
                <li>
                  <a href="#" class="navigator-link " panel-name="ignored-methods-Selenium_Web_Framework_with_Factory_and_Data_Provider">
                    <span>Ignored methods</span>
                  </a> <!-- navigator-link  -->
                </li>
                <li>
                  <a href="#" class="navigator-link " panel-name="chronological-Selenium_Web_Framework_with_Factory_and_Data_Provider">
                    <span>Chronological view</span>
                  </a> <!-- navigator-link  -->
                </li>
              </ul>
            </div> <!-- suite-section-content -->
            <div class="result-section">
              <div class="suite-section-title">
                <span>Results</span>
              </div> <!-- suite-section-title -->
              <div class="suite-section-content">
                <ul>
                  <li>
                    <span class="method-stats">3 methods, 3 failed,   </span>
                  </li>
                  <li>
                    <span class="method-list-title failed">Failed methods</span>
                    <span class="show-or-hide-methods failed">
                      <a href="#" panel-name="suite-Selenium_Web_Framework_with_Factory_and_Data_Provider" class="hide-methods failed suite-Selenium_Web_Framework_with_Factory_and_Data_Provider"> (hide)</a> <!-- hide-methods failed suite-Selenium_Web_Framework_with_Factory_and_Data_Provider -->
                      <a href="#" panel-name="suite-Selenium_Web_Framework_with_Factory_and_Data_Provider" class="show-methods failed suite-Selenium_Web_Framework_with_Factory_and_Data_Provider"> (show)</a> <!-- show-methods failed suite-Selenium_Web_Framework_with_Factory_and_Data_Provider -->
                    </span>
                    <div class="method-list-content failed suite-Selenium_Web_Framework_with_Factory_and_Data_Provider">
                      <span>
                        <img width="3%" src="failed.png"/>
                        <a href="#" class="method navigator-link" panel-name="suite-Selenium_Web_Framework_with_Factory_and_Data_Provider" title="com.test.testscripts.testfactory.TestNG_Factory_DataProvider" hash-for-method="testNextisEnabled">testNextisEnabled</a> <!-- method navigator-link -->
                      </span>
                      <br/>
                      <span>
                        <img width="3%" src="failed.png"/>
                        <a href="#" class="method navigator-link" panel-name="suite-Selenium_Web_Framework_with_Factory_and_Data_Provider" title="com.test.testscripts.testfactory.TestNG_Factory_DataProvider" hash-for-method="testNextisEnabled">testNextisEnabled</a> <!-- method navigator-link -->
                      </span>
                      <br/>
                      <span>
                        <img width="3%" src="failed.png"/>
                        <a href="#" class="method navigator-link" panel-name="suite-Selenium_Web_Framework_with_Factory_and_Data_Provider" title="com.test.testscripts.testfactory.TestNG_Factory_DataProvider" hash-for-method="testNextisEnabled">testNextisEnabled</a> <!-- method navigator-link -->
                      </span>
                      <br/>
                    </div> <!-- method-list-content failed suite-Selenium_Web_Framework_with_Factory_and_Data_Provider -->
                  </li>
                </ul>
              </div> <!-- suite-section-content -->
            </div> <!-- result-section -->
          </div> <!-- navigator-suite-content -->
        </div> <!-- rounded-window -->
      </div> <!-- suite -->
    </div> <!-- navigator-root -->
    <div class="wrapper">
      <div class="main-panel-root">
        <div panel-name="suite-Selenium_Web_Framework_with_Factory_and_Data_Provider" class="panel Selenium_Web_Framework_with_Factory_and_Data_Provider">
          <div class="suite-Selenium_Web_Framework_with_Factory_and_Data_Provider-class-failed">
            <div class="main-panel-header rounded-window-top">
              <img src="failed.png"/>
              <span class="class-name">com.test.testscripts.testfactory.TestNG_Factory_DataProvider</span>
            </div> <!-- main-panel-header rounded-window-top -->
            <div class="main-panel-content rounded-window-bottom">
              <div class="method">
                <div class="method-content">
                  <a name="testNextisEnabled">
                  </a> <!-- testNextisEnabled -->
                  <span class="method-name">testNextisEnabled</span>
                  <div class="stack-trace">org.openqa.selenium.WebDriverException: chrome not reachable
  (Session info: chrome=69.0.3497.100)
  (Driver info: chromedriver=2.41.578737 (49da6702b16031c40d63e5618de03a32ff6c197e),platform=Windows NT 6.1.7601 SP1 x86_64) (WARNING: The server did not provide any stacktrace information)
Command duration or timeout: 0 milliseconds
Build info: version: &apos;3.8.1&apos;, revision: &apos;6e95a6684b&apos;, time: &apos;2017-12-01T18:33:54.468Z&apos;
System info: host: &apos;IBM651-PC0BY5PB&apos;, ip: &apos;97.11.38.151&apos;, os.name: &apos;Windows 7&apos;, os.arch: &apos;amd64&apos;, os.version: &apos;6.1&apos;, java.version: &apos;1.8.0_152&apos;
Driver info: org.openqa.selenium.chrome.ChromeDriver
Capabilities {acceptInsecureCerts: false, acceptSslCerts: false, applicationCacheEnabled: false, browserConnectionEnabled: false, browserName: chrome, chrome: {chromedriverVersion: 2.41.578737 (49da6702b16031..., userDataDir: C:\Users\IBM_AD~1\AppData\L...}, cssSelectorsEnabled: true, databaseEnabled: false, goog:chromeOptions: {debuggerAddress: localhost:56900}, handlesAlerts: true, hasTouchScreen: false, javascriptEnabled: true, locationContextEnabled: true, mobileEmulationEnabled: false, nativeEvents: true, networkConnectionEnabled: false, pageLoadStrategy: normal, platform: XP, platformName: XP, rotatable: false, setWindowRect: true, takesHeapSnapshot: true, takesScreenshot: true, unexpectedAlertBehaviour: , unhandledPromptBehavior: , version: 69.0.3497.100, webStorageEnabled: true}
Session ID: 46a125c25587df9dc777a3dd57ed7f42
*** Element info: {Using=id, value=userid}
	at sun.reflect.NativeConstructorAccessorImpl.newInstance0(Native Method)
	at sun.reflect.NativeConstructorAccessorImpl.newInstance(Unknown Source)
	at sun.reflect.DelegatingConstructorAccessorImpl.newInstance(Unknown Source)
	at java.lang.reflect.Constructor.newInstance(Unknown Source)
	at org.openqa.selenium.remote.ErrorHandler.createThrowable(ErrorHandler.java:214)
	at org.openqa.selenium.remote.ErrorHandler.throwIfResponseFailed(ErrorHandler.java:166)
	at org.openqa.selenium.remote.http.JsonHttpResponseCodec.reconstructValue(JsonHttpResponseCodec.java:40)
	at org.openqa.selenium.remote.http.AbstractHttpResponseCodec.decode(AbstractHttpResponseCodec.java:80)
	at org.openqa.selenium.remote.http.AbstractHttpResponseCodec.decode(AbstractHttpResponseCodec.java:44)
	at org.openqa.selenium.remote.HttpCommandExecutor.execute(HttpCommandExecutor.java:164)
	at org.openqa.selenium.remote.service.DriverCommandExecutor.execute(DriverCommandExecutor.java:83)
	at org.openqa.selenium.remote.RemoteWebDriver.execute(RemoteWebDriver.java:601)
	at org.openqa.selenium.remote.RemoteWebDriver.findElements(RemoteWebDriver.java:398)
	at org.openqa.selenium.remote.RemoteWebDriver.findElementsById(RemoteWebDriver.java:421)
	at org.openqa.selenium.By$ById.findElements(By.java:210)
	at org.openqa.selenium.remote.RemoteWebDriver.findElements(RemoteWebDriver.java:359)
	at org.openqa.selenium.support.ui.ExpectedConditions.findElement(ExpectedConditions.java:881)
	at org.openqa.selenium.support.ui.ExpectedConditions.access$000(ExpectedConditions.java:43)
	at org.openqa.selenium.support.ui.ExpectedConditions$6.apply(ExpectedConditions.java:182)
	at org.openqa.selenium.support.ui.ExpectedConditions$6.apply(ExpectedConditions.java:179)
	at org.openqa.selenium.support.ui.FluentWait.until(FluentWait.java:208)
	at com.simplewebframework.webelements.webBasePage.waitForElementPresent(webBasePage.java:382)
	at com.application.pageobjects.LoginPage.&lt;init&gt;(LoginPage.java:32)
	at com.test.testscripts.testfactory.TestNG_Factory_DataProvider.testNextisEnabled(TestNG_Factory_DataProvider.java:62)
	at sun.reflect.NativeMethodAccessorImpl.invoke0(Native Method)
	at sun.reflect.NativeMethodAccessorImpl.invoke(Unknown Source)
	at sun.reflect.DelegatingMethodAccessorImpl.invoke(Unknown Source)
	at java.lang.reflect.Method.invoke(Unknown Source)
	at org.testng.internal.MethodInvocationHelper.invokeMethod(MethodInvocationHelper.java:124)
	at org.testng.internal.Invoker.invokeMethod(Invoker.java:583)
	at org.testng.internal.Invoker.invokeTestMethod(Invoker.java:719)
	at org.testng.internal.Invoker.invokeTestMethods(Invoker.java:989)
	at org.testng.internal.TestMethodWorker.invokeTestMethods(TestMethodWorker.java:125)
	at org.testng.internal.TestMethodWorker.run(TestMethodWorker.java:109)
	at java.util.concurrent.ThreadPoolExecutor.runWorker(Unknown Source)
	at java.util.concurrent.ThreadPoolExecutor$Worker.run(Unknown Source)
	at java.lang.Thread.run(Unknown Source)

</div> <!-- stack-trace -->
                  <em>
(Verify Next button is enabled)                  </em>
                </div> <!-- method-content -->
              </div> <!-- method -->
              <div class="method">
                <div class="method-content">
                  <a name="testNextisEnabled">
                  </a> <!-- testNextisEnabled -->
                  <span class="method-name">testNextisEnabled</span>
                  <div class="stack-trace">java.lang.AssertionError: buttonelement Next Button, by={By.id: nextBtn} not found. expected [true] but found [false]
	at org.testng.Assert.fail(Assert.java:96)
	at org.testng.Assert.failNotEquals(Assert.java:776)
	at org.testng.Assert.assertTrue(Assert.java:44)
	at com.simplewebframework.webelements.webBasePage.assertHTML(webBasePage.java:155)
	at com.simplewebframework.webelements.webBasePage.assertElementEnabled(webBasePage.java:123)
	at com.test.testscripts.testfactory.TestNG_Factory_DataProvider.testNextisEnabled(TestNG_Factory_DataProvider.java:63)
	at sun.reflect.NativeMethodAccessorImpl.invoke0(Native Method)
	at sun.reflect.NativeMethodAccessorImpl.invoke(Unknown Source)
	at sun.reflect.DelegatingMethodAccessorImpl.invoke(Unknown Source)
	at java.lang.reflect.Method.invoke(Unknown Source)
	at org.testng.internal.MethodInvocationHelper.invokeMethod(MethodInvocationHelper.java:124)
	at org.testng.internal.Invoker.invokeMethod(Invoker.java:583)
	at org.testng.internal.Invoker.invokeTestMethod(Invoker.java:719)
	at org.testng.internal.Invoker.invokeTestMethods(Invoker.java:989)
	at org.testng.internal.TestMethodWorker.invokeTestMethods(TestMethodWorker.java:125)
	at org.testng.internal.TestMethodWorker.run(TestMethodWorker.java:109)
	at java.util.concurrent.ThreadPoolExecutor.runWorker(Unknown Source)
	at java.util.concurrent.ThreadPoolExecutor$Worker.run(Unknown Source)
	at java.lang.Thread.run(Unknown Source)

</div> <!-- stack-trace -->
                  <em>
(Verify Next button is enabled)                  </em>
                </div> <!-- method-content -->
              </div> <!-- method -->
              <div class="method">
                <div class="method-content">
                  <a name="testNextisEnabled">
                  </a> <!-- testNextisEnabled -->
                  <span class="method-name">testNextisEnabled</span>
                  <div class="stack-trace">java.lang.AssertionError: buttonelement Next Button, by={By.id: nextBtn} not found. expected [true] but found [false]
	at org.testng.Assert.fail(Assert.java:96)
	at org.testng.Assert.failNotEquals(Assert.java:776)
	at org.testng.Assert.assertTrue(Assert.java:44)
	at com.simplewebframework.webelements.webBasePage.assertHTML(webBasePage.java:155)
	at com.simplewebframework.webelements.webBasePage.assertElementEnabled(webBasePage.java:123)
	at com.test.testscripts.testfactory.TestNG_Factory_DataProvider.testNextisEnabled(TestNG_Factory_DataProvider.java:63)
	at sun.reflect.NativeMethodAccessorImpl.invoke0(Native Method)
	at sun.reflect.NativeMethodAccessorImpl.invoke(Unknown Source)
	at sun.reflect.DelegatingMethodAccessorImpl.invoke(Unknown Source)
	at java.lang.reflect.Method.invoke(Unknown Source)
	at org.testng.internal.MethodInvocationHelper.invokeMethod(MethodInvocationHelper.java:124)
	at org.testng.internal.Invoker.invokeMethod(Invoker.java:583)
	at org.testng.internal.Invoker.invokeTestMethod(Invoker.java:719)
	at org.testng.internal.Invoker.invokeTestMethods(Invoker.java:989)
	at org.testng.internal.TestMethodWorker.invokeTestMethods(TestMethodWorker.java:125)
	at org.testng.internal.TestMethodWorker.run(TestMethodWorker.java:109)
	at java.util.concurrent.ThreadPoolExecutor.runWorker(Unknown Source)
	at java.util.concurrent.ThreadPoolExecutor$Worker.run(Unknown Source)
	at java.lang.Thread.run(Unknown Source)

</div> <!-- stack-trace -->
                  <em>
(Verify Next button is enabled)                  </em>
                </div> <!-- method-content -->
              </div> <!-- method -->
            </div> <!-- main-panel-content rounded-window-bottom -->
          </div> <!-- suite-Selenium_Web_Framework_with_Factory_and_Data_Provider-class-failed -->
        </div> <!-- panel Selenium_Web_Framework_with_Factory_and_Data_Provider -->
        <div panel-name="test-xml-Selenium_Web_Framework_with_Factory_and_Data_Provider" class="panel">
          <div class="main-panel-header rounded-window-top">
            <span class="header-content">C:\Users\IBM_ADMIN\eclipse-workspace\webframework\src\test\java\com\test\testng\factory-with-data-provider.xml</span>
          </div> <!-- main-panel-header rounded-window-top -->
          <div class="main-panel-content rounded-window-bottom">
            <pre>
&lt;?xml version=&quot;1.0&quot; encoding=&quot;UTF-8&quot;?&gt;
&lt;!DOCTYPE suite SYSTEM &quot;http://testng.org/testng-1.0.dtd&quot;&gt;
&lt;suite thread-count=&quot;3&quot; guice-stage=&quot;DEVELOPMENT&quot; verbose=&quot;2&quot; name=&quot;Selenium Web Framework with Factory and Data Provider&quot; parallel=&quot;instances&quot;&gt;
  &lt;listeners&gt;
    &lt;listener class-name=&quot;com.simplewebframework.extent.ExtentListener&quot;/&gt;
  &lt;/listeners&gt;
  &lt;test thread-count=&quot;3&quot; verbose=&quot;2&quot; name=&quot;WebTest - Factory with Data Provider test&quot; parallel=&quot;instances&quot;&gt;
    &lt;parameter name=&quot;browser&quot; value=&quot;Chrome&quot;/&gt;
    &lt;classes&gt;
      &lt;class name=&quot;com.test.testscripts.testfactory.TestNG_Factory_DataProvider&quot;/&gt;
    &lt;/classes&gt;
  &lt;/test&gt; &lt;!-- WebTest - Factory with Data Provider test --&gt;
  &lt;test thread-count=&quot;3&quot; verbose=&quot;2&quot; name=&quot;WebTest - Factory with Data Provider test&quot; parallel=&quot;instances&quot;&gt;
    &lt;parameter name=&quot;browser&quot; value=&quot;Chrome&quot;/&gt;
  &lt;/test&gt; &lt;!-- WebTest - Factory with Data Provider test --&gt;
  &lt;test thread-count=&quot;3&quot; verbose=&quot;2&quot; name=&quot;WebTest - Factory with Data Provider test&quot; parallel=&quot;instances&quot;&gt;
    &lt;parameter name=&quot;browser&quot; value=&quot;Chrome&quot;/&gt;
  &lt;/test&gt; &lt;!-- WebTest - Factory with Data Provider test --&gt;
  &lt;test thread-count=&quot;3&quot; verbose=&quot;2&quot; name=&quot;WebTest - Factory with Data Provider test&quot; parallel=&quot;instances&quot;&gt;
    &lt;parameter name=&quot;browser&quot; value=&quot;Chrome&quot;/&gt;
  &lt;/test&gt; &lt;!-- WebTest - Factory with Data Provider test --&gt;
  &lt;test thread-count=&quot;3&quot; verbose=&quot;2&quot; name=&quot;WebTest - Factory with Data Provider test&quot; parallel=&quot;instances&quot;&gt;
    &lt;parameter name=&quot;browser&quot; value=&quot;Chrome&quot;/&gt;
  &lt;/test&gt; &lt;!-- WebTest - Factory with Data Provider test --&gt;
  &lt;test thread-count=&quot;3&quot; verbose=&quot;2&quot; name=&quot;WebTest - Factory with Data Provider test&quot; parallel=&quot;instances&quot;&gt;
    &lt;parameter name=&quot;browser&quot; value=&quot;Chrome&quot;/&gt;
  &lt;/test&gt; &lt;!-- WebTest - Factory with Data Provider test --&gt;
  &lt;test thread-count=&quot;3&quot; verbose=&quot;2&quot; name=&quot;WebTest - Factory with Data Provider test&quot; parallel=&quot;instances&quot;&gt;
    &lt;parameter name=&quot;browser&quot; value=&quot;Chrome&quot;/&gt;
  &lt;/test&gt; &lt;!-- WebTest - Factory with Data Provider test --&gt;
&lt;/suite&gt; &lt;!-- Selenium Web Framework with Factory and Data Provider --&gt;
            </pre>
          </div> <!-- main-panel-content rounded-window-bottom -->
        </div> <!-- panel -->
        <div panel-name="testlist-Selenium_Web_Framework_with_Factory_and_Data_Provider" class="panel">
          <div class="main-panel-header rounded-window-top">
            <span class="header-content">Tests for Selenium Web Framework with Factory and Data Provider</span>
          </div> <!-- main-panel-header rounded-window-top -->
          <div class="main-panel-content rounded-window-bottom">
            <ul>
              <li>
                <span class="test-name">WebTest - Factory with Data Provider test (1 class)</span>
              </li>
              <li>
                <span class="test-name">WebTest - Factory with Data Provider test (0 classes)</span>
              </li>
              <li>
                <span class="test-name">WebTest - Factory with Data Provider test (0 classes)</span>
              </li>
              <li>
                <span class="test-name">WebTest - Factory with Data Provider test (0 classes)</span>
              </li>
              <li>
                <span class="test-name">WebTest - Factory with Data Provider test (0 classes)</span>
              </li>
              <li>
                <span class="test-name">WebTest - Factory with Data Provider test (0 classes)</span>
              </li>
              <li>
                <span class="test-name">WebTest - Factory with Data Provider test (0 classes)</span>
              </li>
            </ul>
          </div> <!-- main-panel-content rounded-window-bottom -->
        </div> <!-- panel -->
        <div panel-name="group-Selenium_Web_Framework_with_Factory_and_Data_Provider" class="panel">
          <div class="main-panel-header rounded-window-top">
            <span class="header-content">Groups for Selenium Web Framework with Factory and Data Provider</span>
          </div> <!-- main-panel-header rounded-window-top -->
          <div class="main-panel-content rounded-window-bottom">
          </div> <!-- main-panel-content rounded-window-bottom -->
        </div> <!-- panel -->
        <div panel-name="times-Selenium_Web_Framework_with_Factory_and_Data_Provider" class="panel">
          <div class="main-panel-header rounded-window-top">
            <span class="header-content">Times for Selenium Web Framework with Factory and Data Provider</span>
          </div> <!-- main-panel-header rounded-window-top -->
          <div class="main-panel-content rounded-window-bottom">
            <div class="times-div">
              <script type="text/javascript">
suiteTableInitFunctions.push('tableData_Selenium_Web_Framework_with_Factory_and_Data_Provider');
function tableData_Selenium_Web_Framework_with_Factory_and_Data_Provider() {
var data = new google.visualization.DataTable();
data.addColumn('number', 'Number');
data.addColumn('string', 'Method');
data.addColumn('string', 'Class');
data.addColumn('number', 'Time (ms)');
data.addRows(3);
data.setCell(0, 0, 0)
data.setCell(0, 1, 'testNextisEnabled')
data.setCell(0, 2, 'com.test.testscripts.testfactory.TestNG_Factory_DataProvider')
data.setCell(0, 3, 50299);
data.setCell(1, 0, 1)
data.setCell(1, 1, 'testNextisEnabled')
data.setCell(1, 2, 'com.test.testscripts.testfactory.TestNG_Factory_DataProvider')
data.setCell(1, 3, 38837);
data.setCell(2, 0, 2)
data.setCell(2, 1, 'testNextisEnabled')
data.setCell(2, 2, 'com.test.testscripts.testfactory.TestNG_Factory_DataProvider')
data.setCell(2, 3, 38112);
window.suiteTableData['Selenium_Web_Framework_with_Factory_and_Data_Provider']= { tableData: data, tableDiv: 'times-div-Selenium_Web_Framework_with_Factory_and_Data_Provider'}
return data;
}
              </script>
              <span class="suite-total-time">Total running time: 2 minutes</span>
              <div id="times-div-Selenium_Web_Framework_with_Factory_and_Data_Provider">
              </div> <!-- times-div-Selenium_Web_Framework_with_Factory_and_Data_Provider -->
            </div> <!-- times-div -->
          </div> <!-- main-panel-content rounded-window-bottom -->
        </div> <!-- panel -->
        <div panel-name="reporter-Selenium_Web_Framework_with_Factory_and_Data_Provider" class="panel">
          <div class="main-panel-header rounded-window-top">
            <span class="header-content">Reporter output for Selenium Web Framework with Factory and Data Provider</span>
          </div> <!-- main-panel-header rounded-window-top -->
          <div class="main-panel-content rounded-window-bottom">
            <div class="reporter-method-div">
              <span class="reporter-method-name">testNextisEnabled</span>
              <div class="reporter-method-output-div">
                <span class="reporter-method-output">Test testNextisEnabled started.
</span>
                <span class="reporter-method-output">Before Invoking - com.test.testscripts.testfactory.TestNG_Factory_DataProvider => testNextisEnabled
</span>
                <span class="reporter-method-output"><li><font color='#00cd00'>wait for textfieldelement email address or userid field, by={By.id: userid} to be present.</font></li></span>
                <span class="reporter-method-output">After Invoking - com.test.testscripts.testfactory.TestNG_Factory_DataProvider => testNextisEnabled
</span>
                <span class="reporter-method-output">testNextisEnabled failed.
</span>
                <span class="reporter-method-output">Before Invoking - com.test.testscripts.testfactory.TestNG_Factory_DataProvider => afterTestMethod
</span>
              </div> <!-- reporter-method-output-div -->
            </div> <!-- reporter-method-div -->
            <div class="reporter-method-div">
              <span class="reporter-method-name">testNextisEnabled</span>
              <div class="reporter-method-output-div">
                <span class="reporter-method-output">Test testNextisEnabled started.
</span>
                <span class="reporter-method-output">Before Invoking - com.test.testscripts.testfactory.TestNG_Factory_DataProvider => testNextisEnabled
</span>
                <span class="reporter-method-output"><li><font color='#00cd00'>wait for textfieldelement email address or userid field, by={By.id: userid} to be present.</font></li></span>
                <span class="reporter-method-output"><li><font color='#00cd00'>assert buttonelement <a style="font-style:normal;color:#8C8984;text-decoration:none;" href=# ">Next Button,: By.id: nextBtn</a> is enabled.</font></li></span>
                <span class="reporter-method-output">After Invoking - com.test.testscripts.testfactory.TestNG_Factory_DataProvider => testNextisEnabled
</span>
                <span class="reporter-method-output">testNextisEnabled failed.
</span>
                <span class="reporter-method-output">Before Invoking - com.test.testscripts.testfactory.TestNG_Factory_DataProvider => afterTestMethod
</span>
              </div> <!-- reporter-method-output-div -->
            </div> <!-- reporter-method-div -->
            <div class="reporter-method-div">
              <span class="reporter-method-name">testNextisEnabled</span>
              <div class="reporter-method-output-div">
                <span class="reporter-method-output">Test testNextisEnabled started.
</span>
                <span class="reporter-method-output">Before Invoking - com.test.testscripts.testfactory.TestNG_Factory_DataProvider => testNextisEnabled
</span>
                <span class="reporter-method-output"><li><font color='#00cd00'>wait for textfieldelement email address or userid field, by={By.id: userid} to be present.</font></li></span>
                <span class="reporter-method-output"><li><font color='#00cd00'>assert buttonelement <a style="font-style:normal;color:#8C8984;text-decoration:none;" href=# ">Next Button,: By.id: nextBtn</a> is enabled.</font></li></span>
                <span class="reporter-method-output">After Invoking - com.test.testscripts.testfactory.TestNG_Factory_DataProvider => testNextisEnabled
</span>
                <span class="reporter-method-output">testNextisEnabled failed.
</span>
                <span class="reporter-method-output">Before Invoking - com.test.testscripts.testfactory.TestNG_Factory_DataProvider => afterTestMethod
</span>
              </div> <!-- reporter-method-output-div -->
            </div> <!-- reporter-method-div -->
          </div> <!-- main-panel-content rounded-window-bottom -->
        </div> <!-- panel -->
        <div panel-name="ignored-methods-Selenium_Web_Framework_with_Factory_and_Data_Provider" class="panel">
          <div class="main-panel-header rounded-window-top">
            <span class="header-content">0 ignored methods</span>
          </div> <!-- main-panel-header rounded-window-top -->
          <div class="main-panel-content rounded-window-bottom">
          </div> <!-- main-panel-content rounded-window-bottom -->
        </div> <!-- panel -->
        <div panel-name="chronological-Selenium_Web_Framework_with_Factory_and_Data_Provider" class="panel">
          <div class="main-panel-header rounded-window-top">
            <span class="header-content">Methods in chronological order</span>
          </div> <!-- main-panel-header rounded-window-top -->
          <div class="main-panel-content rounded-window-bottom">
            <div class="chronological-class">
              <div class="chronological-class-name">com.test.testscripts.testfactory.TestNG_Factory_DataProvider</div> <!-- chronological-class-name -->
              <div class="configuration-suite before">
                <span class="method-name">beforeTestSuite(org.testng.TestRunner@460f76a6)</span>
                <span class="method-start">0 ms</span>
              </div> <!-- configuration-suite before -->
              <div class="configuration-test before">
                <span class="method-name">beforeTest(org.testng.TestRunner@460f76a6, org.testng.xml.XmlTest@7733d2b, Chrome)</span>
                <span class="method-start">21 ms</span>
              </div> <!-- configuration-test before -->
              <div class="configuration-method before">
                <span class="method-name">beforeTestMethod([], public void com.test.testscripts.testfactory.TestNG_Factory_DataProvider.testNextisEnabled() thr...)</span>
                <span class="method-start">48 ms</span>
              </div> <!-- configuration-method before -->
              <div class="configuration-method before">
                <span class="method-name">beforeTestMethod([], public void com.test.testscripts.testfactory.TestNG_Factory_DataProvider.testNextisEnabled() thr...)</span>
                <span class="method-start">48 ms</span>
              </div> <!-- configuration-method before -->
              <div class="configuration-method before">
                <span class="method-name">beforeTestMethod([], public void com.test.testscripts.testfactory.TestNG_Factory_DataProvider.testNextisEnabled() thr...)</span>
                <span class="method-start">51 ms</span>
              </div> <!-- configuration-method before -->
              <div class="test-method">
                <img src="failed.png">
                </img>
                <span class="method-name">testNextisEnabled</span>
                <span class="method-start">51 ms</span>
              </div> <!-- test-method -->
              <div class="test-method">
                <img src="failed.png">
                </img>
                <span class="method-name">testNextisEnabled</span>
                <span class="method-start">52 ms</span>
              </div> <!-- test-method -->
              <div class="test-method">
                <img src="failed.png">
                </img>
                <span class="method-name">testNextisEnabled</span>
                <span class="method-start">53 ms</span>
              </div> <!-- test-method -->
              <div class="configuration-method after">
                <span class="method-name">afterTestMethod([], public void com.test.testscripts.testfactory.TestNG_Factory_DataProvider.testNextisEnabled() thr...)</span>
                <span class="method-start">38187 ms</span>
              </div> <!-- configuration-method after -->
              <div class="configuration-method after">
                <span class="method-name">afterTestMethod([], public void com.test.testscripts.testfactory.TestNG_Factory_DataProvider.testNextisEnabled() thr...)</span>
                <span class="method-start">38902 ms</span>
              </div> <!-- configuration-method after -->
              <div class="configuration-method after">
                <span class="method-name">afterTestMethod([], public void com.test.testscripts.testfactory.TestNG_Factory_DataProvider.testNextisEnabled() thr...)</span>
                <span class="method-start">50363 ms</span>
              </div> <!-- configuration-method after -->
              <div class="configuration-suite after">
                <span class="method-name">afterTestSuite</span>
                <span class="method-start">51643 ms</span>
              </div> <!-- configuration-suite after -->
          </div> <!-- main-panel-content rounded-window-bottom -->
        </div> <!-- panel -->
      </div> <!-- main-panel-root -->
    </div> <!-- wrapper -->
  </body>
</html>
