<?xml version="1.0" encoding="UTF-8"?>
<testng-results skipped="0" failed="3" ignored="0" total="3" passed="0">
  <reporter-output>
    <line>
      <![CDATA[Suite Selenium Web Framework with Factory and Data Provider started.
]]>
    </line>
    <line>
      <![CDATA[Before Invoking - com.test.testscripts.testfactory.TestNG_Factory_DataProvider => beforeTestSuite
]]>
    </line>
    <line>
      <![CDATA[After Invoking - com.test.testscripts.testfactory.TestNG_Factory_DataProvider => beforeTestSuite
]]>
    </line>
    <line>
      <![CDATA[Class WebTest - Factory with Data Provider test started..
]]>
    </line>
    <line>
      <![CDATA[Before Invoking - com.test.testscripts.testfactory.TestNG_Factory_DataProvider => beforeTest
]]>
    </line>
    <line>
      <![CDATA[After Invoking - com.test.testscripts.testfactory.TestNG_Factory_DataProvider => beforeTest
]]>
    </line>
    <line>
      <![CDATA[Before Invoking - com.test.testscripts.testfactory.TestNG_Factory_DataProvider => beforeTestMethod
]]>
    </line>
    <line>
      <![CDATA[After Invoking - com.test.testscripts.testfactory.TestNG_Factory_DataProvider => beforeTestMethod
]]>
    </line>
    <line>
      <![CDATA[Before Invoking - com.test.testscripts.testfactory.TestNG_Factory_DataProvider => beforeTestMethod
]]>
    </line>
    <line>
      <![CDATA[After Invoking - com.test.testscripts.testfactory.TestNG_Factory_DataProvider => beforeTestMethod
]]>
    </line>
    <line>
      <![CDATA[Before Invoking - com.test.testscripts.testfactory.TestNG_Factory_DataProvider => beforeTestMethod
]]>
    </line>
    <line>
      <![CDATA[After Invoking - com.test.testscripts.testfactory.TestNG_Factory_DataProvider => beforeTestMethod
]]>
    </line>
    <line>
      <![CDATA[Test testNextisEnabled started.
]]>
    </line>
    <line>
      <![CDATA[Before Invoking - com.test.testscripts.testfactory.TestNG_Factory_DataProvider => testNextisEnabled
]]>
    </line>
    <line>
      <![CDATA[Test testNextisEnabled started.
]]>
    </line>
    <line>
      <![CDATA[Before Invoking - com.test.testscripts.testfactory.TestNG_Factory_DataProvider => testNextisEnabled
]]>
    </line>
    <line>
      <![CDATA[Test testNextisEnabled started.
]]>
    </line>
    <line>
      <![CDATA[Before Invoking - com.test.testscripts.testfactory.TestNG_Factory_DataProvider => testNextisEnabled
]]>
    </line>
    <line>
      <![CDATA[<li><font color='#00cd00'>wait for textfieldelement email address or userid field, by={By.id: userid} to be present.</font></li>]]>
    </line>
    <line>
      <![CDATA[<li><font color='#00cd00'>wait for textfieldelement email address or userid field, by={By.id: userid} to be present.</font></li>]]>
    </line>
    <line>
      <![CDATA[<li><font color='#00cd00'>wait for textfieldelement email address or userid field, by={By.id: userid} to be present.</font></li>]]>
    </line>
    <line>
      <![CDATA[<li><font color='#00cd00'>assert buttonelement <a style="font-style:normal;color:#8C8984;text-decoration:none;" href=# ">Next Button,: By.id: nextBtn</a> is enabled.</font></li>]]>
    </line>
    <line>
      <![CDATA[After Invoking - com.test.testscripts.testfactory.TestNG_Factory_DataProvider => testNextisEnabled
]]>
    </line>
    <line>
      <![CDATA[testNextisEnabled failed.
]]>
    </line>
    <line>
      <![CDATA[Before Invoking - com.test.testscripts.testfactory.TestNG_Factory_DataProvider => afterTestMethod
]]>
    </line>
    <line>
      <![CDATA[<li><font color='#00cd00'>quiting webdriver12</font></li>]]>
    </line>
    <line>
      <![CDATA[<li><font color='#00cd00'>assert buttonelement <a style="font-style:normal;color:#8C8984;text-decoration:none;" href=# ">Next Button,: By.id: nextBtn</a> is enabled.</font></li>]]>
    </line>
    <line>
      <![CDATA[After Invoking - com.test.testscripts.testfactory.TestNG_Factory_DataProvider => testNextisEnabled
]]>
    </line>
    <line>
      <![CDATA[testNextisEnabled failed.
]]>
    </line>
    <line>
      <![CDATA[Before Invoking - com.test.testscripts.testfactory.TestNG_Factory_DataProvider => afterTestMethod
]]>
    </line>
    <line>
      <![CDATA[<li><font color='#00cd00'>quiting webdriver13</font></li>]]>
    </line>
    <line>
      <![CDATA[After Invoking - com.test.testscripts.testfactory.TestNG_Factory_DataProvider => afterTestMethod
]]>
    </line>
    <line>
      <![CDATA[After Invoking - com.test.testscripts.testfactory.TestNG_Factory_DataProvider => afterTestMethod
]]>
    </line>
    <line>
      <![CDATA[After Invoking - com.test.testscripts.testfactory.TestNG_Factory_DataProvider => testNextisEnabled
]]>
    </line>
    <line>
      <![CDATA[testNextisEnabled failed.
]]>
    </line>
    <line>
      <![CDATA[Before Invoking - com.test.testscripts.testfactory.TestNG_Factory_DataProvider => afterTestMethod
]]>
    </line>
    <line>
      <![CDATA[<li><font color='#00cd00'>quiting webdriver14</font></li>]]>
    </line>
    <line>
      <![CDATA[After Invoking - com.test.testscripts.testfactory.TestNG_Factory_DataProvider => afterTestMethod
]]>
    </line>
    <line>
      <![CDATA[Test WebTest - Factory with Data Provider test finished.
]]>
    </line>
    <line>
      <![CDATA[Before Invoking - com.test.testscripts.testfactory.TestNG_Factory_DataProvider => afterTestSuite
]]>
    </line>
    <line>
      <![CDATA[After Invoking - com.test.testscripts.testfactory.TestNG_Factory_DataProvider => afterTestSuite
]]>
    </line>
  </reporter-output>
  <suite name="Selenium Web Framework with Factory and Data Provider" duration-ms="51102" started-at="2018-10-22T11:34:49Z" finished-at="2018-10-22T11:35:40Z">
    <groups>
    </groups>
    <test name="WebTest - Factory with Data Provider test" duration-ms="51102" started-at="2018-10-22T11:34:49Z" finished-at="2018-10-22T11:35:40Z">
      <class name="com.test.testscripts.testfactory.TestNG_Factory_DataProvider">
        <test-method status="PASS" signature="beforeTestSuite(org.testng.ITestContext)[pri:0, instance:com.test.testscripts.testfactory.TestNG_Factory_DataProvider@319bc845]" test-instance-name="TestNG_Factory_DataProvider[login=login3, email=3333333333333@gmail.com, password=password3, runmode=N]" name="beforeTestSuite" is-config="true" duration-ms="17" started-at="2018-10-22T11:34:49Z" finished-at="2018-10-22T11:34:49Z">
          <params>
            <param index="0">
              <value>
                <![CDATA[org.testng.TestRunner@460f76a6]]>
              </value>
            </param>
          </params>
          <reporter-output>
            <line>
              <![CDATA[After Invoking - com.test.testscripts.testfactory.TestNG_Factory_DataProvider => beforeTestSuite
]]>
            </line>
          </reporter-output>
        </test-method> <!-- beforeTestSuite -->
        <test-method status="PASS" signature="beforeTest(org.testng.ITestContext, org.testng.xml.XmlTest, java.lang.String)[pri:0, instance:com.test.testscripts.testfactory.TestNG_Factory_DataProvider@319bc845]" test-instance-name="TestNG_Factory_DataProvider[login=login3, email=3333333333333@gmail.com, password=password3, runmode=N]" name="beforeTest" is-config="true" duration-ms="5" started-at="2018-10-22T11:34:49Z" finished-at="2018-10-22T11:34:49Z">
          <params>
            <param index="0">
              <value>
                <![CDATA[org.testng.TestRunner@460f76a6]]>
              </value>
            </param>
            <param index="1">
              <value>
                <![CDATA[org.testng.xml.XmlTest@7733d2b]]>
              </value>
            </param>
            <param index="2">
              <value>
                <![CDATA[Chrome]]>
              </value>
            </param>
          </params>
          <reporter-output>
            <line>
              <![CDATA[After Invoking - com.test.testscripts.testfactory.TestNG_Factory_DataProvider => beforeTest
]]>
            </line>
          </reporter-output>
        </test-method> <!-- beforeTest -->
        <test-method status="PASS" signature="beforeTestMethod([Ljava.lang.Object;, java.lang.reflect.Method, org.testng.ITestContext, org.testng.xml.XmlTest)[pri:0, instance:com.test.testscripts.testfactory.TestNG_Factory_DataProvider@319bc845]" test-instance-name="TestNG_Factory_DataProvider[login=login2, email=2222222222222@gmail.com, password=password2, runmode=Y]" name="beforeTestMethod" is-config="true" duration-ms="3" started-at="2018-10-22T11:34:49Z" finished-at="2018-10-22T11:34:49Z">
          <params>
            <param index="0">
              <value>
                <![CDATA[[Ljava.lang.Object;@35d6ca49]]>
              </value>
            </param>
            <param index="1">
              <value>
                <![CDATA[public void com.test.testscripts.testfactory.TestNG_Factory_DataProvider.testNextisEnabled() throws java.lang.Exception]]>
              </value>
            </param>
            <param index="2">
              <value>
                <![CDATA[org.testng.TestRunner@460f76a6]]>
              </value>
            </param>
            <param index="3">
              <value>
                <![CDATA[org.testng.xml.XmlTest@7733d2b]]>
              </value>
            </param>
          </params>
          <reporter-output>
            <line>
              <![CDATA[After Invoking - com.test.testscripts.testfactory.TestNG_Factory_DataProvider => beforeTestMethod
]]>
            </line>
          </reporter-output>
        </test-method> <!-- beforeTestMethod -->
        <test-method status="PASS" signature="beforeTestMethod([Ljava.lang.Object;, java.lang.reflect.Method, org.testng.ITestContext, org.testng.xml.XmlTest)[pri:0, instance:com.test.testscripts.testfactory.TestNG_Factory_DataProvider@319bc845]" test-instance-name="TestNG_Factory_DataProvider[login=login1, email=1111111111111@gmail.com, password=password1, runmode=Y]" name="beforeTestMethod" is-config="true" duration-ms="4" started-at="2018-10-22T11:34:49Z" finished-at="2018-10-22T11:34:49Z">
          <params>
            <param index="0">
              <value>
                <![CDATA[[Ljava.lang.Object;@1950e8a6]]>
              </value>
            </param>
            <param index="1">
              <value>
                <![CDATA[public void com.test.testscripts.testfactory.TestNG_Factory_DataProvider.testNextisEnabled() throws java.lang.Exception]]>
              </value>
            </param>
            <param index="2">
              <value>
                <![CDATA[org.testng.TestRunner@460f76a6]]>
              </value>
            </param>
            <param index="3">
              <value>
                <![CDATA[org.testng.xml.XmlTest@7733d2b]]>
              </value>
            </param>
          </params>
          <reporter-output>
            <line>
              <![CDATA[After Invoking - com.test.testscripts.testfactory.TestNG_Factory_DataProvider => beforeTestMethod
]]>
            </line>
          </reporter-output>
        </test-method> <!-- beforeTestMethod -->
        <test-method status="PASS" signature="beforeTestMethod([Ljava.lang.Object;, java.lang.reflect.Method, org.testng.ITestContext, org.testng.xml.XmlTest)[pri:0, instance:com.test.testscripts.testfactory.TestNG_Factory_DataProvider@319bc845]" test-instance-name="TestNG_Factory_DataProvider[login=login3, email=3333333333333@gmail.com, password=password3, runmode=N]" name="beforeTestMethod" is-config="true" duration-ms="1" started-at="2018-10-22T11:34:49Z" finished-at="2018-10-22T11:34:49Z">
          <params>
            <param index="0">
              <value>
                <![CDATA[[Ljava.lang.Object;@47289387]]>
              </value>
            </param>
            <param index="1">
              <value>
                <![CDATA[public void com.test.testscripts.testfactory.TestNG_Factory_DataProvider.testNextisEnabled() throws java.lang.Exception]]>
              </value>
            </param>
            <param index="2">
              <value>
                <![CDATA[org.testng.TestRunner@460f76a6]]>
              </value>
            </param>
            <param index="3">
              <value>
                <![CDATA[org.testng.xml.XmlTest@7733d2b]]>
              </value>
            </param>
          </params>
          <reporter-output>
            <line>
              <![CDATA[After Invoking - com.test.testscripts.testfactory.TestNG_Factory_DataProvider => beforeTestMethod
]]>
            </line>
          </reporter-output>
        </test-method> <!-- beforeTestMethod -->
        <test-method status="FAIL" signature="testNextisEnabled()[pri:0, instance:com.test.testscripts.testfactory.TestNG_Factory_DataProvider@1a9c38eb]" test-instance-name="TestNG_Factory_DataProvider[login=login2, email=2222222222222@gmail.com, password=password2, runmode=Y]" name="testNextisEnabled" duration-ms="38112" started-at="2018-10-22T11:34:49Z" description="Verify Next button is enabled" finished-at="2018-10-22T11:35:27Z">
          <exception class="java.lang.AssertionError">
            <message>
              <![CDATA[buttonelement Next Button, by={By.id: nextBtn} not found. expected [true] but found [false]]]>
            </message>
            <full-stacktrace>
              <![CDATA[java.lang.AssertionError: buttonelement Next Button, by={By.id: nextBtn} not found. expected [true] but found [false]
at org.testng.Assert.fail(Assert.java:96)
at org.testng.Assert.failNotEquals(Assert.java:776)
at org.testng.Assert.assertTrue(Assert.java:44)
at com.simplewebframework.webelements.webBasePage.assertHTML(webBasePage.java:155)
at com.simplewebframework.webelements.webBasePage.assertElementEnabled(webBasePage.java:123)
at com.test.testscripts.testfactory.TestNG_Factory_DataProvider.testNextisEnabled(TestNG_Factory_DataProvider.java:63)
at sun.reflect.NativeMethodAccessorImpl.invoke0(Native Method)
at sun.reflect.NativeMethodAccessorImpl.invoke(Unknown Source)
at sun.reflect.DelegatingMethodAccessorImpl.invoke(Unknown Source)
at java.lang.reflect.Method.invoke(Unknown Source)
at org.testng.internal.MethodInvocationHelper.invokeMethod(MethodInvocationHelper.java:124)
at org.testng.internal.Invoker.invokeMethod(Invoker.java:583)
at org.testng.internal.Invoker.invokeTestMethod(Invoker.java:719)
at org.testng.internal.Invoker.invokeTestMethods(Invoker.java:989)
at org.testng.internal.TestMethodWorker.invokeTestMethods(TestMethodWorker.java:125)
at org.testng.internal.TestMethodWorker.run(TestMethodWorker.java:109)
at java.util.concurrent.ThreadPoolExecutor.runWorker(Unknown Source)
at java.util.concurrent.ThreadPoolExecutor$Worker.run(Unknown Source)
at java.lang.Thread.run(Unknown Source)
]]>
            </full-stacktrace>
          </exception> <!-- java.lang.AssertionError -->
          <reporter-output>
            <line>
              <![CDATA[Test testNextisEnabled started.
]]>
            </line>
            <line>
              <![CDATA[Before Invoking - com.test.testscripts.testfactory.TestNG_Factory_DataProvider => testNextisEnabled
]]>
            </line>
            <line>
              <![CDATA[<li><font color='#00cd00'>wait for textfieldelement email address or userid field, by={By.id: userid} to be present.</font></li>]]>
            </line>
            <line>
              <![CDATA[<li><font color='#00cd00'>assert buttonelement <a style="font-style:normal;color:#8C8984;text-decoration:none;" href=# ">Next Button,: By.id: nextBtn</a> is enabled.</font></li>]]>
            </line>
            <line>
              <![CDATA[After Invoking - com.test.testscripts.testfactory.TestNG_Factory_DataProvider => testNextisEnabled
]]>
            </line>
            <line>
              <![CDATA[testNextisEnabled failed.
]]>
            </line>
            <line>
              <![CDATA[Before Invoking - com.test.testscripts.testfactory.TestNG_Factory_DataProvider => afterTestMethod
]]>
            </line>
          </reporter-output>
        </test-method> <!-- testNextisEnabled -->
        <test-method status="FAIL" signature="testNextisEnabled()[pri:0, instance:com.test.testscripts.testfactory.TestNG_Factory_DataProvider@319bc845]" test-instance-name="TestNG_Factory_DataProvider[login=login3, email=3333333333333@gmail.com, password=password3, runmode=N]" name="testNextisEnabled" duration-ms="38837" started-at="2018-10-22T11:34:49Z" description="Verify Next button is enabled" finished-at="2018-10-22T11:35:28Z">
          <exception class="java.lang.AssertionError">
            <message>
              <![CDATA[buttonelement Next Button, by={By.id: nextBtn} not found. expected [true] but found [false]]]>
            </message>
            <full-stacktrace>
              <![CDATA[java.lang.AssertionError: buttonelement Next Button, by={By.id: nextBtn} not found. expected [true] but found [false]
at org.testng.Assert.fail(Assert.java:96)
at org.testng.Assert.failNotEquals(Assert.java:776)
at org.testng.Assert.assertTrue(Assert.java:44)
at com.simplewebframework.webelements.webBasePage.assertHTML(webBasePage.java:155)
at com.simplewebframework.webelements.webBasePage.assertElementEnabled(webBasePage.java:123)
at com.test.testscripts.testfactory.TestNG_Factory_DataProvider.testNextisEnabled(TestNG_Factory_DataProvider.java:63)
at sun.reflect.NativeMethodAccessorImpl.invoke0(Native Method)
at sun.reflect.NativeMethodAccessorImpl.invoke(Unknown Source)
at sun.reflect.DelegatingMethodAccessorImpl.invoke(Unknown Source)
at java.lang.reflect.Method.invoke(Unknown Source)
at org.testng.internal.MethodInvocationHelper.invokeMethod(MethodInvocationHelper.java:124)
at org.testng.internal.Invoker.invokeMethod(Invoker.java:583)
at org.testng.internal.Invoker.invokeTestMethod(Invoker.java:719)
at org.testng.internal.Invoker.invokeTestMethods(Invoker.java:989)
at org.testng.internal.TestMethodWorker.invokeTestMethods(TestMethodWorker.java:125)
at org.testng.internal.TestMethodWorker.run(TestMethodWorker.java:109)
at java.util.concurrent.ThreadPoolExecutor.runWorker(Unknown Source)
at java.util.concurrent.ThreadPoolExecutor$Worker.run(Unknown Source)
at java.lang.Thread.run(Unknown Source)
]]>
            </full-stacktrace>
          </exception> <!-- java.lang.AssertionError -->
          <reporter-output>
            <line>
              <![CDATA[Test testNextisEnabled started.
]]>
            </line>
            <line>
              <![CDATA[Before Invoking - com.test.testscripts.testfactory.TestNG_Factory_DataProvider => testNextisEnabled
]]>
            </line>
            <line>
              <![CDATA[<li><font color='#00cd00'>wait for textfieldelement email address or userid field, by={By.id: userid} to be present.</font></li>]]>
            </line>
            <line>
              <![CDATA[<li><font color='#00cd00'>assert buttonelement <a style="font-style:normal;color:#8C8984;text-decoration:none;" href=# ">Next Button,: By.id: nextBtn</a> is enabled.</font></li>]]>
            </line>
            <line>
              <![CDATA[After Invoking - com.test.testscripts.testfactory.TestNG_Factory_DataProvider => testNextisEnabled
]]>
            </line>
            <line>
              <![CDATA[testNextisEnabled failed.
]]>
            </line>
            <line>
              <![CDATA[Before Invoking - com.test.testscripts.testfactory.TestNG_Factory_DataProvider => afterTestMethod
]]>
            </line>
          </reporter-output>
        </test-method> <!-- testNextisEnabled -->
        <test-method status="FAIL" signature="testNextisEnabled()[pri:0, instance:com.test.testscripts.testfactory.TestNG_Factory_DataProvider@3c9bfddc]" test-instance-name="TestNG_Factory_DataProvider[login=login1, email=1111111111111@gmail.com, password=password1, runmode=Y]" name="testNextisEnabled" duration-ms="50299" started-at="2018-10-22T11:34:49Z" description="Verify Next button is enabled" finished-at="2018-10-22T11:35:39Z">
          <exception class="org.openqa.selenium.WebDriverException">
            <message>
              <![CDATA[chrome not reachable
  (Session info: chrome=69.0.3497.100)
  (Driver info: chromedriver=2.41.578737 (49da6702b16031c40d63e5618de03a32ff6c197e),platform=Windows NT 6.1.7601 SP1 x86_64) (WARNING: The server did not provide any stacktrace information)
Command duration or timeout: 0 milliseconds
Build info: version: '3.8.1', revision: '6e95a6684b', time: '2017-12-01T18:33:54.468Z'
System info: host: 'IBM651-PC0BY5PB', ip: '97.11.38.151', os.name: 'Windows 7', os.arch: 'amd64', os.version: '6.1', java.version: '1.8.0_152'
Driver info: org.openqa.selenium.chrome.ChromeDriver
Capabilities {acceptInsecureCerts: false, acceptSslCerts: false, applicationCacheEnabled: false, browserConnectionEnabled: false, browserName: chrome, chrome: {chromedriverVersion: 2.41.578737 (49da6702b16031..., userDataDir: C:\Users\IBM_AD~1\AppData\L...}, cssSelectorsEnabled: true, databaseEnabled: false, goog:chromeOptions: {debuggerAddress: localhost:56900}, handlesAlerts: true, hasTouchScreen: false, javascriptEnabled: true, locationContextEnabled: true, mobileEmulationEnabled: false, nativeEvents: true, networkConnectionEnabled: false, pageLoadStrategy: normal, platform: XP, platformName: XP, rotatable: false, setWindowRect: true, takesHeapSnapshot: true, takesScreenshot: true, unexpectedAlertBehaviour: , unhandledPromptBehavior: , version: 69.0.3497.100, webStorageEnabled: true}
Session ID: 46a125c25587df9dc777a3dd57ed7f42
*** Element info: {Using=id, value=userid}]]>
            </message>
            <full-stacktrace>
              <![CDATA[org.openqa.selenium.WebDriverException: chrome not reachable
  (Session info: chrome=69.0.3497.100)
  (Driver info: chromedriver=2.41.578737 (49da6702b16031c40d63e5618de03a32ff6c197e),platform=Windows NT 6.1.7601 SP1 x86_64) (WARNING: The server did not provide any stacktrace information)
Command duration or timeout: 0 milliseconds
Build info: version: '3.8.1', revision: '6e95a6684b', time: '2017-12-01T18:33:54.468Z'
System info: host: 'IBM651-PC0BY5PB', ip: '97.11.38.151', os.name: 'Windows 7', os.arch: 'amd64', os.version: '6.1', java.version: '1.8.0_152'
Driver info: org.openqa.selenium.chrome.ChromeDriver
Capabilities {acceptInsecureCerts: false, acceptSslCerts: false, applicationCacheEnabled: false, browserConnectionEnabled: false, browserName: chrome, chrome: {chromedriverVersion: 2.41.578737 (49da6702b16031..., userDataDir: C:\Users\IBM_AD~1\AppData\L...}, cssSelectorsEnabled: true, databaseEnabled: false, goog:chromeOptions: {debuggerAddress: localhost:56900}, handlesAlerts: true, hasTouchScreen: false, javascriptEnabled: true, locationContextEnabled: true, mobileEmulationEnabled: false, nativeEvents: true, networkConnectionEnabled: false, pageLoadStrategy: normal, platform: XP, platformName: XP, rotatable: false, setWindowRect: true, takesHeapSnapshot: true, takesScreenshot: true, unexpectedAlertBehaviour: , unhandledPromptBehavior: , version: 69.0.3497.100, webStorageEnabled: true}
Session ID: 46a125c25587df9dc777a3dd57ed7f42
*** Element info: {Using=id, value=userid}
at sun.reflect.NativeConstructorAccessorImpl.newInstance0(Native Method)
at sun.reflect.NativeConstructorAccessorImpl.newInstance(Unknown Source)
at sun.reflect.DelegatingConstructorAccessorImpl.newInstance(Unknown Source)
at java.lang.reflect.Constructor.newInstance(Unknown Source)
at org.openqa.selenium.remote.ErrorHandler.createThrowable(ErrorHandler.java:214)
at org.openqa.selenium.remote.ErrorHandler.throwIfResponseFailed(ErrorHandler.java:166)
at org.openqa.selenium.remote.http.JsonHttpResponseCodec.reconstructValue(JsonHttpResponseCodec.java:40)
at org.openqa.selenium.remote.http.AbstractHttpResponseCodec.decode(AbstractHttpResponseCodec.java:80)
at org.openqa.selenium.remote.http.AbstractHttpResponseCodec.decode(AbstractHttpResponseCodec.java:44)
at org.openqa.selenium.remote.HttpCommandExecutor.execute(HttpCommandExecutor.java:164)
at org.openqa.selenium.remote.service.DriverCommandExecutor.execute(DriverCommandExecutor.java:83)
at org.openqa.selenium.remote.RemoteWebDriver.execute(RemoteWebDriver.java:601)
at org.openqa.selenium.remote.RemoteWebDriver.findElements(RemoteWebDriver.java:398)
at org.openqa.selenium.remote.RemoteWebDriver.findElementsById(RemoteWebDriver.java:421)
at org.openqa.selenium.By$ById.findElements(By.java:210)
at org.openqa.selenium.remote.RemoteWebDriver.findElements(RemoteWebDriver.java:359)
at org.openqa.selenium.support.ui.ExpectedConditions.findElement(ExpectedConditions.java:881)
at org.openqa.selenium.support.ui.ExpectedConditions.access$000(ExpectedConditions.java:43)
at org.openqa.selenium.support.ui.ExpectedConditions$6.apply(ExpectedConditions.java:182)
at org.openqa.selenium.support.ui.ExpectedConditions$6.apply(ExpectedConditions.java:179)
at org.openqa.selenium.support.ui.FluentWait.until(FluentWait.java:208)
at com.simplewebframework.webelements.webBasePage.waitForElementPresent(webBasePage.java:382)
at com.application.pageobjects.LoginPage.<init>(LoginPage.java:32)
at com.test.testscripts.testfactory.TestNG_Factory_DataProvider.testNextisEnabled(TestNG_Factory_DataProvider.java:62)
at sun.reflect.NativeMethodAccessorImpl.invoke0(Native Method)
at sun.reflect.NativeMethodAccessorImpl.invoke(Unknown Source)
at sun.reflect.DelegatingMethodAccessorImpl.invoke(Unknown Source)
at java.lang.reflect.Method.invoke(Unknown Source)
at org.testng.internal.MethodInvocationHelper.invokeMethod(MethodInvocationHelper.java:124)
at org.testng.internal.Invoker.invokeMethod(Invoker.java:583)
at org.testng.internal.Invoker.invokeTestMethod(Invoker.java:719)
at org.testng.internal.Invoker.invokeTestMethods(Invoker.java:989)
at org.testng.internal.TestMethodWorker.invokeTestMethods(TestMethodWorker.java:125)
at org.testng.internal.TestMethodWorker.run(TestMethodWorker.java:109)
at java.util.concurrent.ThreadPoolExecutor.runWorker(Unknown Source)
at java.util.concurrent.ThreadPoolExecutor$Worker.run(Unknown Source)
at java.lang.Thread.run(Unknown Source)
]]>
            </full-stacktrace>
          </exception> <!-- org.openqa.selenium.WebDriverException -->
          <reporter-output>
            <line>
              <![CDATA[Test testNextisEnabled started.
]]>
            </line>
            <line>
              <![CDATA[Before Invoking - com.test.testscripts.testfactory.TestNG_Factory_DataProvider => testNextisEnabled
]]>
            </line>
            <line>
              <![CDATA[<li><font color='#00cd00'>wait for textfieldelement email address or userid field, by={By.id: userid} to be present.</font></li>]]>
            </line>
            <line>
              <![CDATA[After Invoking - com.test.testscripts.testfactory.TestNG_Factory_DataProvider => testNextisEnabled
]]>
            </line>
            <line>
              <![CDATA[testNextisEnabled failed.
]]>
            </line>
            <line>
              <![CDATA[Before Invoking - com.test.testscripts.testfactory.TestNG_Factory_DataProvider => afterTestMethod
]]>
            </line>
          </reporter-output>
        </test-method> <!-- testNextisEnabled -->
        <test-method status="PASS" signature="afterTestMethod([Ljava.lang.Object;, java.lang.reflect.Method, org.testng.ITestContext, org.testng.xml.XmlTest, org.testng.ITestResult)[pri:0, instance:com.test.testscripts.testfactory.TestNG_Factory_DataProvider@319bc845]" test-instance-name="TestNG_Factory_DataProvider[login=login2, email=2222222222222@gmail.com, password=password2, runmode=Y]" name="afterTestMethod" is-config="true" duration-ms="1033" started-at="2018-10-22T11:35:27Z" finished-at="2018-10-22T11:35:28Z">
          <params>
            <param index="0">
              <value>
                <![CDATA[[Ljava.lang.Object;@35d6ca49]]>
              </value>
            </param>
            <param index="1">
              <value>
                <![CDATA[public void com.test.testscripts.testfactory.TestNG_Factory_DataProvider.testNextisEnabled() throws java.lang.Exception]]>
              </value>
            </param>
            <param index="2">
              <value>
                <![CDATA[org.testng.TestRunner@460f76a6]]>
              </value>
            </param>
            <param index="3">
              <value>
                <![CDATA[org.testng.xml.XmlTest@7733d2b]]>
              </value>
            </param>
            <param index="4">
              <value>
                <![CDATA[[TestResult name=TestNG_Factory_DataProvider[login=login2, email=2222222222222@gmail.com, password=password2, runmode=Y] status=FAILURE method=TestNG_Factory_DataProvider.testNextisEnabled()[pri:0, instance:com.test.testscripts.testfactory.TestNG_Factory_DataProvider@1a9c38eb] output=Test testNextisEnabled started.
]]]>
              </value>
            </param>
          </params>
          <reporter-output>
            <line>
              <![CDATA[<li><font color='#00cd00'>quiting webdriver12</font></li>]]>
            </line>
            <line>
              <![CDATA[After Invoking - com.test.testscripts.testfactory.TestNG_Factory_DataProvider => afterTestMethod
]]>
            </line>
          </reporter-output>
        </test-method> <!-- afterTestMethod -->
        <test-method status="PASS" signature="afterTestMethod([Ljava.lang.Object;, java.lang.reflect.Method, org.testng.ITestContext, org.testng.xml.XmlTest, org.testng.ITestResult)[pri:0, instance:com.test.testscripts.testfactory.TestNG_Factory_DataProvider@319bc845]" test-instance-name="TestNG_Factory_DataProvider[login=login3, email=3333333333333@gmail.com, password=password3, runmode=N]" name="afterTestMethod" is-config="true" duration-ms="961" started-at="2018-10-22T11:35:28Z" finished-at="2018-10-22T11:35:29Z">
          <params>
            <param index="0">
              <value>
                <![CDATA[[Ljava.lang.Object;@47289387]]>
              </value>
            </param>
            <param index="1">
              <value>
                <![CDATA[public void com.test.testscripts.testfactory.TestNG_Factory_DataProvider.testNextisEnabled() throws java.lang.Exception]]>
              </value>
            </param>
            <param index="2">
              <value>
                <![CDATA[org.testng.TestRunner@460f76a6]]>
              </value>
            </param>
            <param index="3">
              <value>
                <![CDATA[org.testng.xml.XmlTest@7733d2b]]>
              </value>
            </param>
            <param index="4">
              <value>
                <![CDATA[[TestResult name=TestNG_Factory_DataProvider[login=login3, email=3333333333333@gmail.com, password=password3, runmode=N] status=FAILURE method=TestNG_Factory_DataProvider.testNextisEnabled()[pri:0, instance:com.test.testscripts.testfactory.TestNG_Factory_DataProvider@319bc845] output=Test testNextisEnabled started.
]]]>
              </value>
            </param>
          </params>
          <reporter-output>
            <line>
              <![CDATA[<li><font color='#00cd00'>quiting webdriver13</font></li>]]>
            </line>
            <line>
              <![CDATA[After Invoking - com.test.testscripts.testfactory.TestNG_Factory_DataProvider => afterTestMethod
]]>
            </line>
          </reporter-output>
        </test-method> <!-- afterTestMethod -->
        <test-method status="PASS" signature="afterTestMethod([Ljava.lang.Object;, java.lang.reflect.Method, org.testng.ITestContext, org.testng.xml.XmlTest, org.testng.ITestResult)[pri:0, instance:com.test.testscripts.testfactory.TestNG_Factory_DataProvider@319bc845]" test-instance-name="TestNG_Factory_DataProvider[login=login1, email=1111111111111@gmail.com, password=password1, runmode=Y]" name="afterTestMethod" is-config="true" duration-ms="753" started-at="2018-10-22T11:35:39Z" finished-at="2018-10-22T11:35:40Z">
          <params>
            <param index="0">
              <value>
                <![CDATA[[Ljava.lang.Object;@1950e8a6]]>
              </value>
            </param>
            <param index="1">
              <value>
                <![CDATA[public void com.test.testscripts.testfactory.TestNG_Factory_DataProvider.testNextisEnabled() throws java.lang.Exception]]>
              </value>
            </param>
            <param index="2">
              <value>
                <![CDATA[org.testng.TestRunner@460f76a6]]>
              </value>
            </param>
            <param index="3">
              <value>
                <![CDATA[org.testng.xml.XmlTest@7733d2b]]>
              </value>
            </param>
            <param index="4">
              <value>
                <![CDATA[[TestResult name=TestNG_Factory_DataProvider[login=login1, email=1111111111111@gmail.com, password=password1, runmode=Y] status=FAILURE method=TestNG_Factory_DataProvider.testNextisEnabled()[pri:0, instance:com.test.testscripts.testfactory.TestNG_Factory_DataProvider@3c9bfddc] output=Test testNextisEnabled started.
]]]>
              </value>
            </param>
          </params>
          <reporter-output>
            <line>
              <![CDATA[<li><font color='#00cd00'>quiting webdriver14</font></li>]]>
            </line>
            <line>
              <![CDATA[After Invoking - com.test.testscripts.testfactory.TestNG_Factory_DataProvider => afterTestMethod
]]>
            </line>
          </reporter-output>
        </test-method> <!-- afterTestMethod -->
        <test-method status="PASS" signature="afterTestSuite()[pri:0, instance:com.test.testscripts.testfactory.TestNG_Factory_DataProvider@319bc845]" test-instance-name="TestNG_Factory_DataProvider[login=login3, email=3333333333333@gmail.com, password=password3, runmode=N]" name="afterTestSuite" is-config="true" duration-ms="1" started-at="2018-10-22T11:35:40Z" finished-at="2018-10-22T11:35:40Z">
          <reporter-output>
            <line>
              <![CDATA[After Invoking - com.test.testscripts.testfactory.TestNG_Factory_DataProvider => afterTestSuite
]]>
            </line>
          </reporter-output>
        </test-method> <!-- afterTestSuite -->
      </class> <!-- com.test.testscripts.testfactory.TestNG_Factory_DataProvider -->
    </test> <!-- WebTest - Factory with Data Provider test -->
  </suite> <!-- Selenium Web Framework with Factory and Data Provider -->
</testng-results>
