<?xml version="1.0" encoding="UTF-8"?>
<!-- Generated by org.testng.reporters.JUnitXMLReporter -->
<testsuite hostname="IBM651-PC0BY5PB" ignored="0" name="WebTest - Test Login Page in Chrome" tests="3" failures="1" timestamp="16 Oct 2018 11:53:59 GMT" time="52.46" errors="0">
  <testcase name="testIDVPageisDisplayed" time="21.926" classname="com.test.testscripts.TestNG_LoginPageTest"/>
  <testcase name="testNextisDisplayed" time="13.893" classname="com.test.testscripts.TestNG_LoginPageTest"/>
  <testcase name="testNextisEnabled" time="14.001" classname="com.test.testscripts.TestNG_LoginPageTest">
    <failure type="java.lang.AssertionError" message="buttonelement Next Button, by={By.id: nextBtn} not found. expected [true] but found [false]">
      <![CDATA[java.lang.AssertionError: buttonelement Next Button, by={By.id: nextBtn} not found. expected [true] but found [false]
at com.simplewebframework.webelements.webBasePage.assertHTML(webBasePage.java:155)
at com.simplewebframework.webelements.webBasePage.assertElementEnabled(webBasePage.java:123)
at com.test.testscripts.TestNG_LoginPageTest.testNextisEnabled(TestNG_LoginPageTest.java:31)
at java.util.concurrent.FutureTask.run(Unknown Source)
at java.util.concurrent.ThreadPoolExecutor.runWorker(Unknown Source)
at java.util.concurrent.ThreadPoolExecutor$Worker.run(Unknown Source)
at java.lang.Thread.run(Unknown Source)
... Removed 19 stack frames]]>
    </failure>
  </testcase> <!-- testNextisEnabled -->
</testsuite> <!-- WebTest - Test Login Page in Chrome -->
